<html>
<head>
<title>TestNG:  Test</title>
<link href="../testng.css" rel="stylesheet" type="text/css" />
<link href="../my-testng.css" rel="stylesheet" type="text/css" />

<style type="text/css">
.log { display: none;} 
.stack-trace { display: none;} 
</style>
<script type="text/javascript">
<!--
function flip(e) {
  current = e.style.display;
  if (current == 'block') {
    e.style.display = 'none';
    return 0;
  }
  else {
    e.style.display = 'block';
    return 1;
  }
}

function toggleBox(szDivId, elem, msg1, msg2)
{
  var res = -1;  if (document.getElementById) {
    res = flip(document.getElementById(szDivId));
  }
  else if (document.all) {
    // this is the way old msie versions work
    res = flip(document.all[szDivId]);
  }
  if(elem) {
    if(res == 0) elem.innerHTML = msg1; else elem.innerHTML = msg2;
  }

}

function toggleAllBoxes() {
  if (document.getElementsByTagName) {
    d = document.getElementsByTagName('div');
    for (i = 0; i < d.length; i++) {
      if (d[i].className == 'log') {
        flip(d[i]);
      }
    }
  }
}

// -->
</script>

</head>
<body>
<h2 align='center'>Test</h2><table border='1' align="center">
<tr>
<td>Tests passed/Failed/Skipped:</td><td>221/14/0</td>
</tr><tr>
<td>Started on:</td><td>Wed Aug 16 09:10:59 CDT 2023</td>
</tr>
<tr><td>Total time:</td><td>230 seconds (230370 ms)</td>
</tr><tr>
<td>Included groups:</td><td></td>
</tr><tr>
<td>Excluded groups:</td><td></td>
</tr>
</table><p/>
<small><i>(Hover the method name to see the test class name)</i></small><p/>
<table width='100%' border='1' class='invocation-failed'>
<tr><td colspan='4' align='center'><b>FAILED TESTS</b></td></tr>
<tr><td><b>Test method</b></td>
<td><b>Attribute(s)</b></td>
<td width="30%"><b>Exception</b></td>
<td width="10%"><b>Time (seconds)</b></td>
<td><b>Instance</b></td>
</tr>
<tr>
<td title='runner.TestRunner.runScenario()'><b>runScenario</b><br>Test class: runner.TestRunner<br>Test method: Runs Cucumber Scenarios<br>Parameters: "The user is succesfully able to register", "Optional[User Validates the register page in DS Algo]"</td>
<td><div><pre>java.lang.AssertionError: Title do not match expected [NumpyNinja] but found [Registration]
	at stepDefinitions.RegisterPageSD.the_user_should_be_redirected_to_homepage_with_the_message(RegisterPageSD.java:214)
	at ✽.The user should be redirected to Homepage with the message &quot;New Account Created. You are logged in as Numpy@sdet117_166&quot;(file:///C:/Users/14793/eclipse-workspace/DSAlgosample/DSAlgo/src/test/resources/features/2_RegisterPage.feature:98)
... Removed 5 stack frames</pre></div><a href='#' onClick='toggleBox("stack-trace883110723", this, "Click to show all stack frames", "Click to hide stack frames")'>Click to show all stack frames</a>
<div class='stack-trace' id='stack-trace883110723'><pre>java.lang.AssertionError: Title do not match expected [NumpyNinja] but found [Registration]
	at org.testng.Assert.fail(Assert.java:111)
	at org.testng.Assert.failNotEquals(Assert.java:1578)
	at org.testng.Assert.assertEqualsImpl(Assert.java:150)
	at org.testng.Assert.assertEquals(Assert.java:132)
	at org.testng.Assert.assertEquals(Assert.java:656)
	at stepDefinitions.RegisterPageSD.the_user_should_be_redirected_to_homepage_with_the_message(RegisterPageSD.java:214)
	at ✽.The user should be redirected to Homepage with the message &quot;New Account Created. You are logged in as Numpy@sdet117_166&quot;(file:///C:/Users/14793/eclipse-workspace/DSAlgosample/DSAlgo/src/test/resources/features/2_RegisterPage.feature:98)
</pre></div></td>
<td>1</td>
<td>runner.TestRunner@57a3e26a</td></tr>
<tr>
<td title='runner.TestRunner.runScenario()'><b>runScenario</b><br>Test class: runner.TestRunner<br>Test method: Runs Cucumber Scenarios<br>Parameters: "The user is presented with error message for commonly used password", "Optional[User Validates the register page in DS Algo]"</td>
<td><div><pre>java.lang.AssertionError: expected [Password can’t be commonly used password] but found [password_mismatch:The two password fields didn’t match.]
	at stepDefinitions.RegisterPageSD.it_should_display_an_error_message(RegisterPageSD.java:92)
	at ✽.It should display an error message &quot;Password can’t be commonly used password&quot;(file:///C:/Users/14793/eclipse-workspace/DSAlgosample/DSAlgo/src/test/resources/features/2_RegisterPage.feature:89)
... Removed 6 stack frames</pre></div><a href='#' onClick='toggleBox("stack-trace243156317", this, "Click to show all stack frames", "Click to hide stack frames")'>Click to show all stack frames</a>
<div class='stack-trace' id='stack-trace243156317'><pre>java.lang.AssertionError: expected [Password can’t be commonly used password] but found [password_mismatch:The two password fields didn’t match.]
	at org.testng.Assert.fail(Assert.java:111)
	at org.testng.Assert.failNotEquals(Assert.java:1578)
	at org.testng.Assert.assertEqualsImpl(Assert.java:150)
	at org.testng.Assert.assertEquals(Assert.java:132)
	at org.testng.Assert.assertEquals(Assert.java:656)
	at org.testng.Assert.assertEquals(Assert.java:666)
	at stepDefinitions.RegisterPageSD.it_should_display_an_error_message(RegisterPageSD.java:92)
	at ✽.It should display an error message &quot;Password can’t be commonly used password&quot;(file:///C:/Users/14793/eclipse-workspace/DSAlgosample/DSAlgo/src/test/resources/features/2_RegisterPage.feature:89)
</pre></div></td>
<td>1</td>
<td>runner.TestRunner@57a3e26a</td></tr>
<tr>
<td title='runner.TestRunner.runScenario()'><b>runScenario</b><br>Test class: runner.TestRunner<br>Test method: Runs Cucumber Scenarios<br>Parameters: "User on login page and login with invalid and valid inputs from Excel "Userdetails" and 0", "Optional[User Validates the Signin page in DS Algo]"</td>
<td><div><pre>java.lang.AssertionError: expected [Invalid Username] but found [Invalid Username and Password]
	at stepDefinitions.SigninPageSD.click_login_button(SigninPageSD.java:125)
	at ✽.click login button(file:///C:/Users/14793/eclipse-workspace/DSAlgosample/DSAlgo/src/test/resources/features/3_SigninPage.feature:37)
... Removed 6 stack frames</pre></div><a href='#' onClick='toggleBox("stack-trace1734909057", this, "Click to show all stack frames", "Click to hide stack frames")'>Click to show all stack frames</a>
<div class='stack-trace' id='stack-trace1734909057'><pre>java.lang.AssertionError: expected [Invalid Username] but found [Invalid Username and Password]
	at org.testng.Assert.fail(Assert.java:111)
	at org.testng.Assert.failNotEquals(Assert.java:1578)
	at org.testng.Assert.assertEqualsImpl(Assert.java:150)
	at org.testng.Assert.assertEquals(Assert.java:132)
	at org.testng.Assert.assertEquals(Assert.java:656)
	at org.testng.Assert.assertEquals(Assert.java:666)
	at stepDefinitions.SigninPageSD.click_login_button(SigninPageSD.java:125)
	at ✽.click login button(file:///C:/Users/14793/eclipse-workspace/DSAlgosample/DSAlgo/src/test/resources/features/3_SigninPage.feature:37)
</pre></div></td>
<td>5</td>
<td>runner.TestRunner@57a3e26a</td></tr>
<tr>
<td title='runner.TestRunner.runScenario()'><b>runScenario</b><br>Test class: runner.TestRunner<br>Test method: Runs Cucumber Scenarios<br>Parameters: "The user is able to submit code in tryEditor for Find Numbers with Even Number of Digits link", "Optional[User launch DSAlgo application and test Array page]"</td>
<td><div><pre>java.lang.AssertionError: Result do not match expected [Submission Successful] but found [Error occurred during submission]
	at stepDefinitions.ArraySD.the_user_should_be_presented_with_successful_submission_message(ArraySD.java:167)
	at ✽.The user should be presented with successful submission message(file:///C:/Users/14793/eclipse-workspace/DSAlgosample/DSAlgo/src/test/resources/features/5_Array.feature:310)
... Removed 5 stack frames</pre></div><a href='#' onClick='toggleBox("stack-trace126142286", this, "Click to show all stack frames", "Click to hide stack frames")'>Click to show all stack frames</a>
<div class='stack-trace' id='stack-trace126142286'><pre>java.lang.AssertionError: Result do not match expected [Submission Successful] but found [Error occurred during submission]
	at org.testng.Assert.fail(Assert.java:111)
	at org.testng.Assert.failNotEquals(Assert.java:1578)
	at org.testng.Assert.assertEqualsImpl(Assert.java:150)
	at org.testng.Assert.assertEquals(Assert.java:132)
	at org.testng.Assert.assertEquals(Assert.java:656)
	at stepDefinitions.ArraySD.the_user_should_be_presented_with_successful_submission_message(ArraySD.java:167)
	at ✽.The user should be presented with successful submission message(file:///C:/Users/14793/eclipse-workspace/DSAlgosample/DSAlgo/src/test/resources/features/5_Array.feature:310)
</pre></div></td>
<td>2</td>
<td>runner.TestRunner@57a3e26a</td></tr>
<tr>
<td title='runner.TestRunner.runScenario()'><b>runScenario</b><br>Test class: runner.TestRunner<br>Test method: Runs Cucumber Scenarios<br>Parameters: "The user is presented with error message for invalid username", "Optional[User Validates the register page in DS Algo]"</td>
<td><div><pre>java.lang.AssertionError: expected [Please enter a valid username] but found [password_mismatch:The two password fields didn’t match.]
	at stepDefinitions.RegisterPageSD.it_should_display_an_error_message(RegisterPageSD.java:92)
	at ✽.It should display an error message &quot;Please enter a valid username&quot;(file:///C:/Users/14793/eclipse-workspace/DSAlgosample/DSAlgo/src/test/resources/features/2_RegisterPage.feature:40)
... Removed 6 stack frames</pre></div><a href='#' onClick='toggleBox("stack-trace1662600404", this, "Click to show all stack frames", "Click to hide stack frames")'>Click to show all stack frames</a>
<div class='stack-trace' id='stack-trace1662600404'><pre>java.lang.AssertionError: expected [Please enter a valid username] but found [password_mismatch:The two password fields didn’t match.]
	at org.testng.Assert.fail(Assert.java:111)
	at org.testng.Assert.failNotEquals(Assert.java:1578)
	at org.testng.Assert.assertEqualsImpl(Assert.java:150)
	at org.testng.Assert.assertEquals(Assert.java:132)
	at org.testng.Assert.assertEquals(Assert.java:656)
	at org.testng.Assert.assertEquals(Assert.java:666)
	at stepDefinitions.RegisterPageSD.it_should_display_an_error_message(RegisterPageSD.java:92)
	at ✽.It should display an error message &quot;Please enter a valid username&quot;(file:///C:/Users/14793/eclipse-workspace/DSAlgosample/DSAlgo/src/test/resources/features/2_RegisterPage.feature:40)
</pre></div></td>
<td>2</td>
<td>runner.TestRunner@57a3e26a</td></tr>
<tr>
<td title='runner.TestRunner.runScenario()'><b>runScenario</b><br>Test class: runner.TestRunner<br>Test method: Runs Cucumber Scenarios<br>Parameters: "The user is able to submit code in tryEditor for Max Consecutive Ones link", "Optional[User launch DSAlgo application and test Array page]"</td>
<td><div><pre>java.lang.AssertionError: Result do not match expected [Submission Successful] but found [Error occurred during submission]
	at stepDefinitions.ArraySD.the_user_should_be_presented_with_successful_submission_message(ArraySD.java:167)
	at ✽.The user should be presented with successful submission message(file:///C:/Users/14793/eclipse-workspace/DSAlgosample/DSAlgo/src/test/resources/features/5_Array.feature:265)
... Removed 5 stack frames</pre></div><a href='#' onClick='toggleBox("stack-trace2073782870", this, "Click to show all stack frames", "Click to hide stack frames")'>Click to show all stack frames</a>
<div class='stack-trace' id='stack-trace2073782870'><pre>java.lang.AssertionError: Result do not match expected [Submission Successful] but found [Error occurred during submission]
	at org.testng.Assert.fail(Assert.java:111)
	at org.testng.Assert.failNotEquals(Assert.java:1578)
	at org.testng.Assert.assertEqualsImpl(Assert.java:150)
	at org.testng.Assert.assertEquals(Assert.java:132)
	at org.testng.Assert.assertEquals(Assert.java:656)
	at stepDefinitions.ArraySD.the_user_should_be_presented_with_successful_submission_message(ArraySD.java:167)
	at ✽.The user should be presented with successful submission message(file:///C:/Users/14793/eclipse-workspace/DSAlgosample/DSAlgo/src/test/resources/features/5_Array.feature:265)
</pre></div></td>
<td>2</td>
<td>runner.TestRunner@57a3e26a</td></tr>
<tr>
<td title='runner.TestRunner.runScenario()'><b>runScenario</b><br>Test class: runner.TestRunner<br>Test method: Runs Cucumber Scenarios<br>Parameters: "User on login page and login with invalid and valid inputs from Excel "Userdetails" and 1", "Optional[User Validates the Signin page in DS Algo]"</td>
<td><div><pre>java.lang.AssertionError: expected [Invalid Password] but found [Invalid Username and Password]
	at stepDefinitions.SigninPageSD.click_login_button(SigninPageSD.java:125)
	at ✽.click login button(file:///C:/Users/14793/eclipse-workspace/DSAlgosample/DSAlgo/src/test/resources/features/3_SigninPage.feature:37)
... Removed 6 stack frames</pre></div><a href='#' onClick='toggleBox("stack-trace341985996", this, "Click to show all stack frames", "Click to hide stack frames")'>Click to show all stack frames</a>
<div class='stack-trace' id='stack-trace341985996'><pre>java.lang.AssertionError: expected [Invalid Password] but found [Invalid Username and Password]
	at org.testng.Assert.fail(Assert.java:111)
	at org.testng.Assert.failNotEquals(Assert.java:1578)
	at org.testng.Assert.assertEqualsImpl(Assert.java:150)
	at org.testng.Assert.assertEquals(Assert.java:132)
	at org.testng.Assert.assertEquals(Assert.java:656)
	at org.testng.Assert.assertEquals(Assert.java:666)
	at stepDefinitions.SigninPageSD.click_login_button(SigninPageSD.java:125)
	at ✽.click login button(file:///C:/Users/14793/eclipse-workspace/DSAlgosample/DSAlgo/src/test/resources/features/3_SigninPage.feature:37)
</pre></div></td>
<td>1</td>
<td>runner.TestRunner@57a3e26a</td></tr>
<tr>
<td title='runner.TestRunner.runScenario()'><b>runScenario</b><br>Test class: runner.TestRunner<br>Test method: Runs Cucumber Scenarios<br>Parameters: "The user is able to submit code in tryEditor for Search the array link", "Optional[User launch DSAlgo application and test Array page]"</td>
<td><div><pre>java.lang.AssertionError: Result do not match expected [Submission Successful] but found [Error occurred during submission]
	at stepDefinitions.ArraySD.the_user_should_be_presented_with_successful_submission_message(ArraySD.java:167)
	at ✽.The user should be presented with successful submission message(file:///C:/Users/14793/eclipse-workspace/DSAlgosample/DSAlgo/src/test/resources/features/5_Array.feature:219)
... Removed 5 stack frames</pre></div><a href='#' onClick='toggleBox("stack-trace1021494774", this, "Click to show all stack frames", "Click to hide stack frames")'>Click to show all stack frames</a>
<div class='stack-trace' id='stack-trace1021494774'><pre>java.lang.AssertionError: Result do not match expected [Submission Successful] but found [Error occurred during submission]
	at org.testng.Assert.fail(Assert.java:111)
	at org.testng.Assert.failNotEquals(Assert.java:1578)
	at org.testng.Assert.assertEqualsImpl(Assert.java:150)
	at org.testng.Assert.assertEquals(Assert.java:132)
	at org.testng.Assert.assertEquals(Assert.java:656)
	at stepDefinitions.ArraySD.the_user_should_be_presented_with_successful_submission_message(ArraySD.java:167)
	at ✽.The user should be presented with successful submission message(file:///C:/Users/14793/eclipse-workspace/DSAlgosample/DSAlgo/src/test/resources/features/5_Array.feature:219)
</pre></div></td>
<td>3</td>
<td>runner.TestRunner@57a3e26a</td></tr>
<tr>
<td title='runner.TestRunner.runScenario()'><b>runScenario</b><br>Test class: runner.TestRunner<br>Test method: Runs Cucumber Scenarios<br>Parameters: "The user is able to submit code in tryEditor for Squares of a Sorted Array link", "Optional[User launch DSAlgo application and test Array page]"</td>
<td><div><pre>java.lang.AssertionError: Result do not match expected [Submission Successful] but found [ No tests were collected]
	at stepDefinitions.ArraySD.the_user_should_be_presented_with_successful_submission_message(ArraySD.java:167)
	at ✽.The user should be presented with successful submission message(file:///C:/Users/14793/eclipse-workspace/DSAlgosample/DSAlgo/src/test/resources/features/5_Array.feature:357)
... Removed 5 stack frames</pre></div><a href='#' onClick='toggleBox("stack-trace1249347907", this, "Click to show all stack frames", "Click to hide stack frames")'>Click to show all stack frames</a>
<div class='stack-trace' id='stack-trace1249347907'><pre>java.lang.AssertionError: Result do not match expected [Submission Successful] but found [ No tests were collected]
	at org.testng.Assert.fail(Assert.java:111)
	at org.testng.Assert.failNotEquals(Assert.java:1578)
	at org.testng.Assert.assertEqualsImpl(Assert.java:150)
	at org.testng.Assert.assertEquals(Assert.java:132)
	at org.testng.Assert.assertEquals(Assert.java:656)
	at stepDefinitions.ArraySD.the_user_should_be_presented_with_successful_submission_message(ArraySD.java:167)
	at ✽.The user should be presented with successful submission message(file:///C:/Users/14793/eclipse-workspace/DSAlgosample/DSAlgo/src/test/resources/features/5_Array.feature:357)
</pre></div></td>
<td>2</td>
<td>runner.TestRunner@57a3e26a</td></tr>
<tr>
<td title='runner.TestRunner.runScenario()'><b>runScenario</b><br>Test class: runner.TestRunner<br>Test method: Runs Cucumber Scenarios<br>Parameters: "The user is able to signout from the registered page", "Optional[User Validates the register page in DS Algo]"</td>
<td><div><pre>org.openqa.selenium.NoSuchElementException: no such element: Unable to locate element: {&quot;method&quot;:&quot;xpath&quot;,&quot;selector&quot;:&quot;//a[@href=&apos;/logout&apos;]&quot;}
  (Session info: chrome=115.0.5790.171)
For documentation on this error, please visit: https://www.selenium.dev/documentation/webdriver/troubleshooting/errors#no-such-element-exception
Build info: version: &apos;4.10.0&apos;, revision: &apos;c14d967899&apos;
System info: os.name: &apos;Windows 11&apos;, os.arch: &apos;amd64&apos;, os.version: &apos;10.0&apos;, java.version: &apos;20.0.1&apos;
Driver info: org.openqa.selenium.chrome.ChromeDriver
Command: [c7af84c7e3a2deef228afb4ebed125bc, findElement {using=xpath, value=//a[@href=&apos;/logout&apos;]}]
Capabilities {acceptInsecureCerts: false, browserName: chrome, browserVersion: 115.0.5790.171, chrome: {chromedriverVersion: 114.0.5735.90 (386bc09e8f4f..., userDataDir: C:\Users\14793\AppData\Loca...}, goog:chromeOptions: {debuggerAddress: localhost:55155}, networkConnectionEnabled: false, pageLoadStrategy: normal, platformName: windows, proxy: Proxy(), se:cdp: ws://localhost:55155/devtoo..., se:cdpVersion: 115.0.5790.171, setWindowRect: true, strictFileInteractability: false, timeouts: {implicit: 0, pageLoad: 300000, script: 30000}, unhandledPromptBehavior: dismiss and notify, webauthn:extension:credBlob: true, webauthn:extension:largeBlob: true, webauthn:extension:minPinLength: true, webauthn:extension:prf: true, webauthn:virtualAuthenticators: true}
Session ID: c7af84c7e3a2deef228afb4ebed125bc
	at org.openqa.selenium.remote.codec.w3c.W3CHttpResponseCodec.createException(W3CHttpResponseCodec.java:199)
	at org.openqa.selenium.remote.codec.w3c.W3CHttpResponseCodec.decode(W3CHttpResponseCodec.java:132)
	at org.openqa.selenium.remote.codec.w3c.W3CHttpResponseCodec.decode(W3CHttpResponseCodec.java:51)
	at org.openqa.selenium.remote.HttpCommandExecutor.execute(HttpCommandExecutor.java:191)
	at org.openqa.selenium.remote.service.DriverCommandExecutor.invokeExecute(DriverCommandExecutor.java:196)
	at org.openqa.selenium.remote.service.DriverCommandExecutor.execute(DriverCommandExecutor.java:171)
	at org.openqa.selenium.remote.RemoteWebDriver.execute(RemoteWebDriver.java:531)
	at org.openqa.selenium.remote.ElementLocation$ElementFinder$2.findElement(ElementLocation.java:165)
	at org.openqa.selenium.remote.ElementLocation.findElement(ElementLocation.java:59)
	at org.openqa.selenium.remote.RemoteWebDriver.findElement(RemoteWebDriver.java:350)
	at org.openqa.selenium.remote.RemoteWebDriver.findElement(RemoteWebDriver.java:344)
	at org.openqa.selenium.support.pagefactory.DefaultElementLocator.findElement(DefaultElementLocator.java:68)
	at org.openqa.selenium.support.pagefactory.internal.LocatingElementHandler.invoke(LocatingElementHandler.java:38)
	at jdk.proxy2/jdk.proxy2.$Proxy46.click(Unknown Source)
	at pageObjects.RegisterPage.clickSignOutLink(RegisterPage.java:182)
	at stepDefinitions.RegisterPageSD.the_user_clicks_the_link(RegisterPageSD.java:226)
	at ✽.The user clicks the &quot;Sign Out&quot; link(file:///C:/Users/14793/eclipse-workspace/DSAlgosample/DSAlgo/src/test/resources/features/2_RegisterPage.feature:104)
... Removed 3 stack frames</pre></div><a href='#' onClick='toggleBox("stack-trace478238740", this, "Click to show all stack frames", "Click to hide stack frames")'>Click to show all stack frames</a>
<div class='stack-trace' id='stack-trace478238740'><pre>org.openqa.selenium.NoSuchElementException: no such element: Unable to locate element: {&quot;method&quot;:&quot;xpath&quot;,&quot;selector&quot;:&quot;//a[@href=&apos;/logout&apos;]&quot;}
  (Session info: chrome=115.0.5790.171)
For documentation on this error, please visit: https://www.selenium.dev/documentation/webdriver/troubleshooting/errors#no-such-element-exception
Build info: version: &apos;4.10.0&apos;, revision: &apos;c14d967899&apos;
System info: os.name: &apos;Windows 11&apos;, os.arch: &apos;amd64&apos;, os.version: &apos;10.0&apos;, java.version: &apos;20.0.1&apos;
Driver info: org.openqa.selenium.chrome.ChromeDriver
Command: [c7af84c7e3a2deef228afb4ebed125bc, findElement {using=xpath, value=//a[@href=&apos;/logout&apos;]}]
Capabilities {acceptInsecureCerts: false, browserName: chrome, browserVersion: 115.0.5790.171, chrome: {chromedriverVersion: 114.0.5735.90 (386bc09e8f4f..., userDataDir: C:\Users\14793\AppData\Loca...}, goog:chromeOptions: {debuggerAddress: localhost:55155}, networkConnectionEnabled: false, pageLoadStrategy: normal, platformName: windows, proxy: Proxy(), se:cdp: ws://localhost:55155/devtoo..., se:cdpVersion: 115.0.5790.171, setWindowRect: true, strictFileInteractability: false, timeouts: {implicit: 0, pageLoad: 300000, script: 30000}, unhandledPromptBehavior: dismiss and notify, webauthn:extension:credBlob: true, webauthn:extension:largeBlob: true, webauthn:extension:minPinLength: true, webauthn:extension:prf: true, webauthn:virtualAuthenticators: true}
Session ID: c7af84c7e3a2deef228afb4ebed125bc
	at java.base/jdk.internal.reflect.DirectConstructorHandleAccessor.newInstance(DirectConstructorHandleAccessor.java:67)
	at java.base/java.lang.reflect.Constructor.newInstanceWithCaller(Constructor.java:500)
	at java.base/java.lang.reflect.Constructor.newInstance(Constructor.java:484)
	at org.openqa.selenium.remote.codec.w3c.W3CHttpResponseCodec.createException(W3CHttpResponseCodec.java:199)
	at org.openqa.selenium.remote.codec.w3c.W3CHttpResponseCodec.decode(W3CHttpResponseCodec.java:132)
	at org.openqa.selenium.remote.codec.w3c.W3CHttpResponseCodec.decode(W3CHttpResponseCodec.java:51)
	at org.openqa.selenium.remote.HttpCommandExecutor.execute(HttpCommandExecutor.java:191)
	at org.openqa.selenium.remote.service.DriverCommandExecutor.invokeExecute(DriverCommandExecutor.java:196)
	at org.openqa.selenium.remote.service.DriverCommandExecutor.execute(DriverCommandExecutor.java:171)
	at org.openqa.selenium.remote.RemoteWebDriver.execute(RemoteWebDriver.java:531)
	at org.openqa.selenium.remote.ElementLocation$ElementFinder$2.findElement(ElementLocation.java:165)
	at org.openqa.selenium.remote.ElementLocation.findElement(ElementLocation.java:59)
	at org.openqa.selenium.remote.RemoteWebDriver.findElement(RemoteWebDriver.java:350)
	at org.openqa.selenium.remote.RemoteWebDriver.findElement(RemoteWebDriver.java:344)
	at org.openqa.selenium.support.pagefactory.DefaultElementLocator.findElement(DefaultElementLocator.java:68)
	at org.openqa.selenium.support.pagefactory.internal.LocatingElementHandler.invoke(LocatingElementHandler.java:38)
	at jdk.proxy2/jdk.proxy2.$Proxy46.click(Unknown Source)
	at pageObjects.RegisterPage.clickSignOutLink(RegisterPage.java:182)
	at stepDefinitions.RegisterPageSD.the_user_clicks_the_link(RegisterPageSD.java:226)
	at ✽.The user clicks the &quot;Sign Out&quot; link(file:///C:/Users/14793/eclipse-workspace/DSAlgosample/DSAlgo/src/test/resources/features/2_RegisterPage.feature:104)
</pre></div></td>
<td>0</td>
<td>runner.TestRunner@57a3e26a</td></tr>
<tr>
<td title='runner.TestRunner.runScenario()'><b>runScenario</b><br>Test class: runner.TestRunner<br>Test method: Runs Cucumber Scenarios<br>Parameters: "The user is presented with error message for password too similar to your other personal information", "Optional[User Validates the register page in DS Algo]"</td>
<td><div><pre>java.lang.AssertionError: expected [password can’t be too similar to your other personal information.] but found [password_mismatch:The two password fields didn’t match.]
	at stepDefinitions.RegisterPageSD.it_should_display_an_error_message(RegisterPageSD.java:92)
	at ✽.It should display an error message &quot;password can’t be too similar to your other personal information.&quot;(file:///C:/Users/14793/eclipse-workspace/DSAlgosample/DSAlgo/src/test/resources/features/2_RegisterPage.feature:80)
... Removed 6 stack frames</pre></div><a href='#' onClick='toggleBox("stack-trace369611665", this, "Click to show all stack frames", "Click to hide stack frames")'>Click to show all stack frames</a>
<div class='stack-trace' id='stack-trace369611665'><pre>java.lang.AssertionError: expected [password can’t be too similar to your other personal information.] but found [password_mismatch:The two password fields didn’t match.]
	at org.testng.Assert.fail(Assert.java:111)
	at org.testng.Assert.failNotEquals(Assert.java:1578)
	at org.testng.Assert.assertEqualsImpl(Assert.java:150)
	at org.testng.Assert.assertEquals(Assert.java:132)
	at org.testng.Assert.assertEquals(Assert.java:656)
	at org.testng.Assert.assertEquals(Assert.java:666)
	at stepDefinitions.RegisterPageSD.it_should_display_an_error_message(RegisterPageSD.java:92)
	at ✽.It should display an error message &quot;password can’t be too similar to your other personal information.&quot;(file:///C:/Users/14793/eclipse-workspace/DSAlgosample/DSAlgo/src/test/resources/features/2_RegisterPage.feature:80)
</pre></div></td>
<td>1</td>
<td>runner.TestRunner@57a3e26a</td></tr>
<tr>
<td title='runner.TestRunner.runScenario()'><b>runScenario</b><br>Test class: runner.TestRunner<br>Test method: Runs Cucumber Scenarios<br>Parameters: "The user is presented with error message for password with only numbers", "Optional[User Validates the register page in DS Algo]"</td>
<td><div><pre>java.lang.AssertionError: expected [Password can’t be entirely numeric.] but found [password_mismatch:The two password fields didn’t match.]
	at stepDefinitions.RegisterPageSD.it_should_display_an_error_message(RegisterPageSD.java:92)
	at ✽.It should display an error message &quot;Password can’t be entirely numeric.&quot;(file:///C:/Users/14793/eclipse-workspace/DSAlgosample/DSAlgo/src/test/resources/features/2_RegisterPage.feature:72)
... Removed 6 stack frames</pre></div><a href='#' onClick='toggleBox("stack-trace1894577531", this, "Click to show all stack frames", "Click to hide stack frames")'>Click to show all stack frames</a>
<div class='stack-trace' id='stack-trace1894577531'><pre>java.lang.AssertionError: expected [Password can’t be entirely numeric.] but found [password_mismatch:The two password fields didn’t match.]
	at org.testng.Assert.fail(Assert.java:111)
	at org.testng.Assert.failNotEquals(Assert.java:1578)
	at org.testng.Assert.assertEqualsImpl(Assert.java:150)
	at org.testng.Assert.assertEquals(Assert.java:132)
	at org.testng.Assert.assertEquals(Assert.java:656)
	at org.testng.Assert.assertEquals(Assert.java:666)
	at stepDefinitions.RegisterPageSD.it_should_display_an_error_message(RegisterPageSD.java:92)
	at ✽.It should display an error message &quot;Password can’t be entirely numeric.&quot;(file:///C:/Users/14793/eclipse-workspace/DSAlgosample/DSAlgo/src/test/resources/features/2_RegisterPage.feature:72)
</pre></div></td>
<td>1</td>
<td>runner.TestRunner@57a3e26a</td></tr>
<tr>
<td title='runner.TestRunner.runScenario()'><b>runScenario</b><br>Test class: runner.TestRunner<br>Test method: Runs Cucumber Scenarios<br>Parameters: "The user is presented with error message for password with characters less than 8", "Optional[User Validates the register page in DS Algo]"</td>
<td><div><pre>java.lang.AssertionError: expected [Password should contain at least 8 characters] but found [password_mismatch:The two password fields didn’t match.]
	at stepDefinitions.RegisterPageSD.it_should_display_an_error_message(RegisterPageSD.java:92)
	at ✽.It should display an error message &quot;Password should contain at least 8 characters&quot;(file:///C:/Users/14793/eclipse-workspace/DSAlgosample/DSAlgo/src/test/resources/features/2_RegisterPage.feature:64)
... Removed 6 stack frames</pre></div><a href='#' onClick='toggleBox("stack-trace1566104673", this, "Click to show all stack frames", "Click to hide stack frames")'>Click to show all stack frames</a>
<div class='stack-trace' id='stack-trace1566104673'><pre>java.lang.AssertionError: expected [Password should contain at least 8 characters] but found [password_mismatch:The two password fields didn’t match.]
	at org.testng.Assert.fail(Assert.java:111)
	at org.testng.Assert.failNotEquals(Assert.java:1578)
	at org.testng.Assert.assertEqualsImpl(Assert.java:150)
	at org.testng.Assert.assertEquals(Assert.java:132)
	at org.testng.Assert.assertEquals(Assert.java:656)
	at org.testng.Assert.assertEquals(Assert.java:666)
	at stepDefinitions.RegisterPageSD.it_should_display_an_error_message(RegisterPageSD.java:92)
	at ✽.It should display an error message &quot;Password should contain at least 8 characters&quot;(file:///C:/Users/14793/eclipse-workspace/DSAlgosample/DSAlgo/src/test/resources/features/2_RegisterPage.feature:64)
</pre></div></td>
<td>1</td>
<td>runner.TestRunner@57a3e26a</td></tr>
<tr>
<td title='runner.TestRunner.runScenario()'><b>runScenario</b><br>Test class: runner.TestRunner<br>Test method: Runs Cucumber Scenarios<br>Parameters: "The user is presented with error message for username already exists", "Optional[User Validates the register page in DS Algo]"</td>
<td><div><pre>java.lang.AssertionError: expected [Username already exists] but found [password_mismatch:The two password fields didn’t match.]
	at stepDefinitions.RegisterPageSD.it_should_display_an_error_message(RegisterPageSD.java:92)
	at ✽.It should display an error message &quot;Username already exists&quot;(file:///C:/Users/14793/eclipse-workspace/DSAlgosample/DSAlgo/src/test/resources/features/2_RegisterPage.feature:48)
... Removed 6 stack frames</pre></div><a href='#' onClick='toggleBox("stack-trace914824856", this, "Click to show all stack frames", "Click to hide stack frames")'>Click to show all stack frames</a>
<div class='stack-trace' id='stack-trace914824856'><pre>java.lang.AssertionError: expected [Username already exists] but found [password_mismatch:The two password fields didn’t match.]
	at org.testng.Assert.fail(Assert.java:111)
	at org.testng.Assert.failNotEquals(Assert.java:1578)
	at org.testng.Assert.assertEqualsImpl(Assert.java:150)
	at org.testng.Assert.assertEquals(Assert.java:132)
	at org.testng.Assert.assertEquals(Assert.java:656)
	at org.testng.Assert.assertEquals(Assert.java:666)
	at stepDefinitions.RegisterPageSD.it_should_display_an_error_message(RegisterPageSD.java:92)
	at ✽.It should display an error message &quot;Username already exists&quot;(file:///C:/Users/14793/eclipse-workspace/DSAlgosample/DSAlgo/src/test/resources/features/2_RegisterPage.feature:48)
</pre></div></td>
<td>1</td>
<td>runner.TestRunner@57a3e26a</td></tr>
</table><p>
<table width='100%' border='1' class='invocation-passed'>
<tr><td colspan='4' align='center'><b>PASSED TESTS</b></td></tr>
<tr><td><b>Test method</b></td>
<td><b>Attribute(s)</b></td>
<td width="30%"><b>Exception</b></td>
<td width="10%"><b>Time (seconds)</b></td>
<td><b>Instance</b></td>
</tr>
<tr>
<td title='runner.TestRunner.runScenario()'><b>runScenario</b><br>Test class: runner.TestRunner<br>Test method: Runs Cucumber Scenarios<br>Parameters: "The user is able run code in tryEditor for Time Complexity page", "Optional[User launch DSAlgo application and test Data Structure introduction page]"</td>
<td></td>
<td>2</td>
<td>runner.TestRunner@57a3e26a</td></tr>
<tr>
<td title='runner.TestRunner.runScenario()'><b>runScenario</b><br>Test class: runner.TestRunner<br>Test method: Runs Cucumber Scenarios<br>Parameters: "User is on Home page and click on dropdown without sign in", "Optional[User launch the dsalgo portal link and test the home page]"</td>
<td></td>
<td>0</td>
<td>runner.TestRunner@57a3e26a</td></tr>
<tr>
<td title='runner.TestRunner.runScenario()'><b>runScenario</b><br>Test class: runner.TestRunner<br>Test method: Runs Cucumber Scenarios<br>Parameters: "The user run the code in tryEditor with the valid input", "Optional[User Validates the Tree module in DS Algo]"</td>
<td></td>
<td>1</td>
<td>runner.TestRunner@57a3e26a</td></tr>
<tr>
<td title='runner.TestRunner.runScenario()'><b>runScenario</b><br>Test class: runner.TestRunner<br>Test method: Runs Cucumber Scenarios<br>Parameters: "User is on Home page and click on dropdown without sign in", "Optional[User launch the dsalgo portal link and test the home page]"</td>
<td></td>
<td>0</td>
<td>runner.TestRunner@57a3e26a</td></tr>
<tr>
<td title='runner.TestRunner.runScenario()'><b>runScenario</b><br>Test class: runner.TestRunner<br>Test method: Runs Cucumber Scenarios<br>Parameters: "The user is presented with error message for code with invalid syntax in tryEditor for Max Consecutive Ones link", "Optional[User launch DSAlgo application and test Array page]"</td>
<td></td>
<td>1</td>
<td>runner.TestRunner@57a3e26a</td></tr>
<tr>
<td title='runner.TestRunner.runScenario()'><b>runScenario</b><br>Test class: runner.TestRunner<br>Test method: Runs Cucumber Scenarios<br>Parameters: "The user is able run code in tryEditor for Arrays in Python page", "Optional[User launch DSAlgo application and test Array page]"</td>
<td></td>
<td>1</td>
<td>runner.TestRunner@57a3e26a</td></tr>
<tr>
<td title='runner.TestRunner.runScenario()'><b>runScenario</b><br>Test class: runner.TestRunner<br>Test method: Runs Cucumber Scenarios<br>Parameters: "The user is able to navigate to a page having an tryEditor from Implementation of Queue in Python page", "Optional[User launch DSAlgo application and test Queue page]"</td>
<td></td>
<td>0</td>
<td>runner.TestRunner@57a3e26a</td></tr>
<tr>
<td title='runner.TestRunner.runScenario()'><b>runScenario</b><br>Test class: runner.TestRunner<br>Test method: Runs Cucumber Scenarios<br>Parameters: "User navigated to Terminologies page", "Optional[User Validates the Tree module in DS Algo]"</td>
<td></td>
<td>0</td>
<td>runner.TestRunner@57a3e26a</td></tr>
<tr>
<td title='runner.TestRunner.runScenario()'><b>runScenario</b><br>Test class: runner.TestRunner<br>Test method: Runs Cucumber Scenarios<br>Parameters: "User navigated to Types of Binary Trees page", "Optional[User Validates the Tree module in DS Algo]"</td>
<td></td>
<td>0</td>
<td>runner.TestRunner@57a3e26a</td></tr>
<tr>
<td title='runner.TestRunner.runScenario()'><b>runScenario</b><br>Test class: runner.TestRunner<br>Test method: Runs Cucumber Scenarios<br>Parameters: "Verifying signout link", "Optional[User Validates the Signin page in DS Algo]"</td>
<td></td>
<td>0</td>
<td>runner.TestRunner@57a3e26a</td></tr>
<tr>
<td title='runner.TestRunner.runScenario()'><b>runScenario</b><br>Test class: runner.TestRunner<br>Test method: Runs Cucumber Scenarios<br>Parameters: "The user clicks back to navigate to Applications of Array page", "Optional[User launch DSAlgo application and test Array page]"</td>
<td></td>
<td>0</td>
<td>runner.TestRunner@57a3e26a</td></tr>
<tr>
<td title='runner.TestRunner.runScenario()'><b>runScenario</b><br>Test class: runner.TestRunner<br>Test method: Runs Cucumber Scenarios<br>Parameters: "The user run the code in tryEditor with the valid input", "Optional[User Validates the Tree module in DS Algo]"</td>
<td></td>
<td>1</td>
<td>runner.TestRunner@57a3e26a</td></tr>
<tr>
<td title='runner.TestRunner.runScenario()'><b>runScenario</b><br>Test class: runner.TestRunner<br>Test method: Runs Cucumber Scenarios<br>Parameters: "The user is able to navigate to Question page from Find Numbers with Even Number of Digits link", "Optional[User launch DSAlgo application and test Array page]"</td>
<td></td>
<td>0</td>
<td>runner.TestRunner@57a3e26a</td></tr>
<tr>
<td title='runner.TestRunner.runScenario()'><b>runScenario</b><br>Test class: runner.TestRunner<br>Test method: Runs Cucumber Scenarios<br>Parameters: "User is on Home page and click getstarted link "Datastructures" on home page without sign in", "Optional[User launch the dsalgo portal link and test the home page]"</td>
<td></td>
<td>1</td>
<td>runner.TestRunner@57a3e26a</td></tr>
<tr>
<td title='runner.TestRunner.runScenario()'><b>runScenario</b><br>Test class: runner.TestRunner<br>Test method: Runs Cucumber Scenarios<br>Parameters: "User is on Home page and click getstarted link "Graph" on home page without sign in", "Optional[User launch the dsalgo portal link and test the home page]"</td>
<td></td>
<td>1</td>
<td>runner.TestRunner@57a3e26a</td></tr>
<tr>
<td title='runner.TestRunner.runScenario()'><b>runScenario</b><br>Test class: runner.TestRunner<br>Test method: Runs Cucumber Scenarios<br>Parameters: "The user is presented with error message for code with invalid syntax in tryEditor for Squares of a Sorted Array link", "Optional[User launch DSAlgo application and test Array page]"</td>
<td></td>
<td>1</td>
<td>runner.TestRunner@57a3e26a</td></tr>
<tr>
<td title='runner.TestRunner.runScenario()'><b>runScenario</b><br>Test class: runner.TestRunner<br>Test method: Runs Cucumber Scenarios<br>Parameters: "User navigated to Implementation in Python page", "Optional[User Validates the Tree module in DS Algo]"</td>
<td></td>
<td>0</td>
<td>runner.TestRunner@57a3e26a</td></tr>
<tr>
<td title='runner.TestRunner.runScenario()'><b>runScenario</b><br>Test class: runner.TestRunner<br>Test method: Runs Cucumber Scenarios<br>Parameters: "The user is able to navigate to a page having an tryEditor from Arrays in Python page", "Optional[User launch DSAlgo application and test Array page]"</td>
<td></td>
<td>0</td>
<td>runner.TestRunner@57a3e26a</td></tr>
<tr>
<td title='runner.TestRunner.runScenario()'><b>runScenario</b><br>Test class: runner.TestRunner<br>Test method: Runs Cucumber Scenarios<br>Parameters: "User navigated to tryEditor page with Run button from Traversal", "Optional[User Validates the Linked List module in DS Algo]"</td>
<td></td>
<td>0</td>
<td>runner.TestRunner@57a3e26a</td></tr>
<tr>
<td title='runner.TestRunner.runScenario()'><b>runScenario</b><br>Test class: runner.TestRunner<br>Test method: Runs Cucumber Scenarios<br>Parameters: "User is on Home page and click getstarted link "Linkedlist" on home page without sign in", "Optional[User launch the dsalgo portal link and test the home page]"</td>
<td></td>
<td>0</td>
<td>runner.TestRunner@57a3e26a</td></tr>
<tr>
<td title='runner.TestRunner.runScenario()'><b>runScenario</b><br>Test class: runner.TestRunner<br>Test method: Runs Cucumber Scenarios<br>Parameters: "The user is presented with error message for code with the invalid syntax in tryEditor", "Optional[User Validates the Tree module in DS Algo]"</td>
<td></td>
<td>0</td>
<td>runner.TestRunner@57a3e26a</td></tr>
<tr>
<td title='runner.TestRunner.runScenario()'><b>runScenario</b><br>Test class: runner.TestRunner<br>Test method: Runs Cucumber Scenarios<br>Parameters: "User on login page and login with invalid and valid inputs from Excel "Userdetails" and 3", "Optional[User Validates the Signin page in DS Algo]"</td>
<td></td>
<td>1</td>
<td>runner.TestRunner@57a3e26a</td></tr>
<tr>
<td title='runner.TestRunner.runScenario()'><b>runScenario</b><br>Test class: runner.TestRunner<br>Test method: Runs Cucumber Scenarios<br>Parameters: "The user is presented with error message for code with invalid syntax in tryEditor for Implementation of Queue in Python page", "Optional[User launch DSAlgo application and test Queue page]"</td>
<td></td>
<td>1</td>
<td>runner.TestRunner@57a3e26a</td></tr>
<tr>
<td title='runner.TestRunner.runScenario()'><b>runScenario</b><br>Test class: runner.TestRunner<br>Test method: Runs Cucumber Scenarios<br>Parameters: "User navigated to Implementation of Binary Trees page", "Optional[User Validates the Tree module in DS Algo]"</td>
<td></td>
<td>0</td>
<td>runner.TestRunner@57a3e26a</td></tr>
<tr>
<td title='runner.TestRunner.runScenario()'><b>runScenario</b><br>Test class: runner.TestRunner<br>Test method: Runs Cucumber Scenarios<br>Parameters: "The user is able to navigate to a page having an tryEditor from Implementation using collections.deque page", "Optional[User launch DSAlgo application and test Queue page]"</td>
<td></td>
<td>0</td>
<td>runner.TestRunner@57a3e26a</td></tr>
<tr>
<td title='runner.TestRunner.runScenario()'><b>runScenario</b><br>Test class: runner.TestRunner<br>Test method: Runs Cucumber Scenarios<br>Parameters: "The user is presented with error message for code with invalid syntax in tryEditor for Queue Operations page", "Optional[User launch DSAlgo application and test Queue page]"</td>
<td></td>
<td>0</td>
<td>runner.TestRunner@57a3e26a</td></tr>
<tr>
<td title='runner.TestRunner.runScenario()'><b>runScenario</b><br>Test class: runner.TestRunner<br>Test method: Runs Cucumber Scenarios<br>Parameters: "The user run the code in tryEditor with the valid input", "Optional[User Validates the Linked List module in DS Algo]"</td>
<td></td>
<td>1</td>
<td>runner.TestRunner@57a3e26a</td></tr>
<tr>
<td title='runner.TestRunner.runScenario()'><b>runScenario</b><br>Test class: runner.TestRunner<br>Test method: Runs Cucumber Scenarios<br>Parameters: "The user is presented with error message for code with the invalid syntax in tryEditor", "Optional[User Validates the Tree module in DS Algo]"</td>
<td></td>
<td>0</td>
<td>runner.TestRunner@57a3e26a</td></tr>
<tr>
<td title='runner.TestRunner.runScenario()'><b>runScenario</b><br>Test class: runner.TestRunner<br>Test method: Runs Cucumber Scenarios<br>Parameters: "User is on Home page and click on Register", "Optional[User launch the dsalgo portal link and test the home page]"</td>
<td></td>
<td>0</td>
<td>runner.TestRunner@57a3e26a</td></tr>
<tr>
<td title='runner.TestRunner.runScenario()'><b>runScenario</b><br>Test class: runner.TestRunner<br>Test method: Runs Cucumber Scenarios<br>Parameters: "User navigated to Types of Binary Trees page", "Optional[User Validates the Tree module in DS Algo]"</td>
<td></td>
<td>0</td>
<td>runner.TestRunner@57a3e26a</td></tr>
<tr>
<td title='runner.TestRunner.runScenario()'><b>runScenario</b><br>Test class: runner.TestRunner<br>Test method: Runs Cucumber Scenarios<br>Parameters: "User is on Home page and click on dropdown without sign in", "Optional[User launch the dsalgo portal link and test the home page]"</td>
<td></td>
<td>0</td>
<td>runner.TestRunner@57a3e26a</td></tr>
<tr>
<td title='runner.TestRunner.runScenario()'><b>runScenario</b><br>Test class: runner.TestRunner<br>Test method: Runs Cucumber Scenarios<br>Parameters: "User navigated to Introduction page", "Optional[User Validates the Tree module in DS Algo]"</td>
<td></td>
<td>0</td>
<td>runner.TestRunner@57a3e26a</td></tr>
<tr>
<td title='runner.TestRunner.runScenario()'><b>runScenario</b><br>Test class: runner.TestRunner<br>Test method: Runs Cucumber Scenarios<br>Parameters: "The user is able to navigate to Time Complexity page", "Optional[User launch DSAlgo application and test Data Structure introduction page]"</td>
<td></td>
<td>0</td>
<td>runner.TestRunner@57a3e26a</td></tr>
<tr>
<td title='runner.TestRunner.runScenario()'><b>runScenario</b><br>Test class: runner.TestRunner<br>Test method: Runs Cucumber Scenarios<br>Parameters: "The user is presented with error message for code with the invalid syntax in tryEditor", "Optional[User Validates the Linked List module in DS Algo]"</td>
<td></td>
<td>0</td>
<td>runner.TestRunner@57a3e26a</td></tr>
<tr>
<td title='runner.TestRunner.runScenario()'><b>runScenario</b><br>Test class: runner.TestRunner<br>Test method: Runs Cucumber Scenarios<br>Parameters: "The user is presented with error message for code with invalid syntax in tryEditor for Implementation of Queue page", "Optional[User launch DSAlgo application and test Stack page]"</td>
<td></td>
<td>1</td>
<td>runner.TestRunner@57a3e26a</td></tr>
<tr>
<td title='runner.TestRunner.runScenario()'><b>runScenario</b><br>Test class: runner.TestRunner<br>Test method: Runs Cucumber Scenarios<br>Parameters: "The user is presented with error message for code with the invalid syntax in tryEditor", "Optional[User Validates the Tree module in DS Algo]"</td>
<td></td>
<td>0</td>
<td>runner.TestRunner@57a3e26a</td></tr>
<tr>
<td title='runner.TestRunner.runScenario()'><b>runScenario</b><br>Test class: runner.TestRunner<br>Test method: Runs Cucumber Scenarios<br>Parameters: "The user is presented with error message for code with invalid syntax in tryEditor for Arrays Using List page", "Optional[User launch DSAlgo application and test Array page]"</td>
<td></td>
<td>1</td>
<td>runner.TestRunner@57a3e26a</td></tr>
<tr>
<td title='runner.TestRunner.runScenario()'><b>runScenario</b><br>Test class: runner.TestRunner<br>Test method: Runs Cucumber Scenarios<br>Parameters: "User navigated to "Types of linked List" page", "Optional[User Validates the Linked List module in DS Algo]"</td>
<td></td>
<td>0</td>
<td>runner.TestRunner@57a3e26a</td></tr>
<tr>
<td title='runner.TestRunner.runScenario()'><b>runScenario</b><br>Test class: runner.TestRunner<br>Test method: Runs Cucumber Scenarios<br>Parameters: "User navigated to Types of Trees page", "Optional[User Validates the Tree module in DS Algo]"</td>
<td></td>
<td>0</td>
<td>runner.TestRunner@57a3e26a</td></tr>
<tr>
<td title='runner.TestRunner.runScenario()'><b>runScenario</b><br>Test class: runner.TestRunner<br>Test method: Runs Cucumber Scenarios<br>Parameters: "User navigated to Insertion", "Optional[User Validates the Linked List module in DS Algo]"</td>
<td></td>
<td>0</td>
<td>runner.TestRunner@57a3e26a</td></tr>
<tr>
<td title='runner.TestRunner.runScenario()'><b>runScenario</b><br>Test class: runner.TestRunner<br>Test method: Runs Cucumber Scenarios<br>Parameters: "User navigated to "Creating Linked LIst" page", "Optional[User Validates the Linked List module in DS Algo]"</td>
<td></td>
<td>0</td>
<td>runner.TestRunner@57a3e26a</td></tr>
<tr>
<td title='runner.TestRunner.runScenario()'><b>runScenario</b><br>Test class: runner.TestRunner<br>Test method: Runs Cucumber Scenarios<br>Parameters: "The user is able run code in tryEditor for Max Consecutive Ones page", "Optional[User launch DSAlgo application and test Array page]"</td>
<td></td>
<td>1</td>
<td>runner.TestRunner@57a3e26a</td></tr>
<tr>
<td title='runner.TestRunner.runScenario()'><b>runScenario</b><br>Test class: runner.TestRunner<br>Test method: Runs Cucumber Scenarios<br>Parameters: "The user is able to navigate to a page having an tryEditor from Implementation  page", "Optional[User launch DSAlgo application and test Stack page]"</td>
<td></td>
<td>0</td>
<td>runner.TestRunner@57a3e26a</td></tr>
<tr>
<td title='runner.TestRunner.runScenario()'><b>runScenario</b><br>Test class: runner.TestRunner<br>Test method: Runs Cucumber Scenarios<br>Parameters: "The user is able run code in tryEditor for Operations in Stack page", "Optional[User launch DSAlgo application and test Stack page]"</td>
<td></td>
<td>1</td>
<td>runner.TestRunner@57a3e26a</td></tr>
<tr>
<td title='runner.TestRunner.runScenario()'><b>runScenario</b><br>Test class: runner.TestRunner<br>Test method: Runs Cucumber Scenarios<br>Parameters: "The user is able to navigate to Queue page", "Optional[User launch DSAlgo application and test Queue page]"</td>
<td></td>
<td>0</td>
<td>runner.TestRunner@57a3e26a</td></tr>
<tr>
<td title='runner.TestRunner.runScenario()'><b>runScenario</b><br>Test class: runner.TestRunner<br>Test method: Runs Cucumber Scenarios<br>Parameters: "The user is presented with error message for code with invalid syntax in tryEditor for Implementation using array page", "Optional[User launch DSAlgo application and test Queue page]"</td>
<td></td>
<td>0</td>
<td>runner.TestRunner@57a3e26a</td></tr>
<tr>
<td title='runner.TestRunner.runScenario()'><b>runScenario</b><br>Test class: runner.TestRunner<br>Test method: Runs Cucumber Scenarios<br>Parameters: "The user is presented with error message for code with invalid syntax in tryEditor for Arrays in Python page", "Optional[User launch DSAlgo application and test Array page]"</td>
<td></td>
<td>1</td>
<td>runner.TestRunner@57a3e26a</td></tr>
<tr>
<td title='runner.TestRunner.runScenario()'><b>runScenario</b><br>Test class: runner.TestRunner<br>Test method: Runs Cucumber Scenarios<br>Parameters: "The user is able to navigate to a page having an tryEditor", "Optional[User Validates the Tree module in DS Algo]"</td>
<td></td>
<td>0</td>
<td>runner.TestRunner@57a3e26a</td></tr>
<tr>
<td title='runner.TestRunner.runScenario()'><b>runScenario</b><br>Test class: runner.TestRunner<br>Test method: Runs Cucumber Scenarios<br>Parameters: "The user is presented with error message for code with the invalid syntax in tryEditor", "Optional[User Validates the Linked List module in DS Algo]"</td>
<td></td>
<td>0</td>
<td>runner.TestRunner@57a3e26a</td></tr>
<tr>
<td title='runner.TestRunner.runScenario()'><b>runScenario</b><br>Test class: runner.TestRunner<br>Test method: Runs Cucumber Scenarios<br>Parameters: "User navigated to Implementation of Binary Trees page", "Optional[User Validates the Tree module in DS Algo]"</td>
<td></td>
<td>0</td>
<td>runner.TestRunner@57a3e26a</td></tr>
<tr>
<td title='runner.TestRunner.runScenario()'><b>runScenario</b><br>Test class: runner.TestRunner<br>Test method: Runs Cucumber Scenarios<br>Parameters: "The user is able to navigate to "Queue" Data Structure Page", "Optional[User launch DSAlgo application and test Queue page]"</td>
<td></td>
<td>0</td>
<td>runner.TestRunner@57a3e26a</td></tr>
<tr>
<td title='runner.TestRunner.runScenario()'><b>runScenario</b><br>Test class: runner.TestRunner<br>Test method: Runs Cucumber Scenarios<br>Parameters: "The user run the code in tryEditor with the valid input", "Optional[User Validates the Tree module in DS Algo]"</td>
<td></td>
<td>1</td>
<td>runner.TestRunner@57a3e26a</td></tr>
<tr>
<td title='runner.TestRunner.runScenario()'><b>runScenario</b><br>Test class: runner.TestRunner<br>Test method: Runs Cucumber Scenarios<br>Parameters: "User is on Home page and click on dropdown without sign in", "Optional[User launch the dsalgo portal link and test the home page]"</td>
<td></td>
<td>0</td>
<td>runner.TestRunner@57a3e26a</td></tr>
<tr>
<td title='runner.TestRunner.runScenario()'><b>runScenario</b><br>Test class: runner.TestRunner<br>Test method: Runs Cucumber Scenarios<br>Parameters: "The user run the code in tryEditor with the valid input", "Optional[User Validates the Linked List module in DS Algo]"</td>
<td></td>
<td>1</td>
<td>runner.TestRunner@57a3e26a</td></tr>
<tr>
<td title='runner.TestRunner.runScenario()'><b>runScenario</b><br>Test class: runner.TestRunner<br>Test method: Runs Cucumber Scenarios<br>Parameters: "User navigated to Tree Traversals page", "Optional[User Validates the Tree module in DS Algo]"</td>
<td></td>
<td>0</td>
<td>runner.TestRunner@57a3e26a</td></tr>
<tr>
<td title='runner.TestRunner.runScenario()'><b>runScenario</b><br>Test class: runner.TestRunner<br>Test method: Runs Cucumber Scenarios<br>Parameters: "User launch home page of an dsalgo project", "Optional[User Validates the register page in DS Algo]"</td>
<td></td>
<td>0</td>
<td>runner.TestRunner@57a3e26a</td></tr>
<tr>
<td title='runner.TestRunner.runScenario()'><b>runScenario</b><br>Test class: runner.TestRunner<br>Test method: Runs Cucumber Scenarios<br>Parameters: "The user is able to navigate to a page having an tryEditor", "Optional[User Validates the Tree module in DS Algo]"</td>
<td></td>
<td>0</td>
<td>runner.TestRunner@57a3e26a</td></tr>
<tr>
<td title='runner.TestRunner.runScenario()'><b>runScenario</b><br>Test class: runner.TestRunner<br>Test method: Runs Cucumber Scenarios<br>Parameters: "The user run the code in tryEditor with the valid input", "Optional[User Validates the Linked List module in DS Algo]"</td>
<td></td>
<td>1</td>
<td>runner.TestRunner@57a3e26a</td></tr>
<tr>
<td title='runner.TestRunner.runScenario()'><b>runScenario</b><br>Test class: runner.TestRunner<br>Test method: Runs Cucumber Scenarios<br>Parameters: "User on login page and login with the fields empty "" and """, "Optional[User Validates the Signin page in DS Algo]"</td>
<td></td>
<td>0</td>
<td>runner.TestRunner@57a3e26a</td></tr>
<tr>
<td title='runner.TestRunner.runScenario()'><b>runScenario</b><br>Test class: runner.TestRunner<br>Test method: Runs Cucumber Scenarios<br>Parameters: "User is on Home page and click getstarted link "Arrays" on home page without sign in", "Optional[User launch the dsalgo portal link and test the home page]"</td>
<td></td>
<td>1</td>
<td>runner.TestRunner@57a3e26a</td></tr>
<tr>
<td title='runner.TestRunner.runScenario()'><b>runScenario</b><br>Test class: runner.TestRunner<br>Test method: Runs Cucumber Scenarios<br>Parameters: "User navigated to Types of Linked List", "Optional[User Validates the Linked List module in DS Algo]"</td>
<td></td>
<td>0</td>
<td>runner.TestRunner@57a3e26a</td></tr>
<tr>
<td title='runner.TestRunner.runScenario()'><b>runScenario</b><br>Test class: runner.TestRunner<br>Test method: Runs Cucumber Scenarios<br>Parameters: "The user is able to navigate to a page having an tryEditor from Arrays Using List page", "Optional[User launch DSAlgo application and test Array page]"</td>
<td></td>
<td>0</td>
<td>runner.TestRunner@57a3e26a</td></tr>
<tr>
<td title='runner.TestRunner.runScenario()'><b>runScenario</b><br>Test class: runner.TestRunner<br>Test method: Runs Cucumber Scenarios<br>Parameters: "User on login page and login with the fields empty "user" and """, "Optional[User Validates the Signin page in DS Algo]"</td>
<td></td>
<td>0</td>
<td>runner.TestRunner@57a3e26a</td></tr>
<tr>
<td title='runner.TestRunner.runScenario()'><b>runScenario</b><br>Test class: runner.TestRunner<br>Test method: Runs Cucumber Scenarios<br>Parameters: "The user is able to navigate to Basic Operations in Lists page", "Optional[User launch DSAlgo application and test Array page]"</td>
<td></td>
<td>0</td>
<td>runner.TestRunner@57a3e26a</td></tr>
<tr>
<td title='runner.TestRunner.runScenario()'><b>runScenario</b><br>Test class: runner.TestRunner<br>Test method: Runs Cucumber Scenarios<br>Parameters: "The user is able to navigate to a page having an tryEditor from Queue Operations page", "Optional[User launch DSAlgo application and test Queue page]"</td>
<td></td>
<td>0</td>
<td>runner.TestRunner@57a3e26a</td></tr>
<tr>
<td title='runner.TestRunner.runScenario()'><b>runScenario</b><br>Test class: runner.TestRunner<br>Test method: Runs Cucumber Scenarios<br>Parameters: "The user is able to navigate to Question page from Search the array link", "Optional[User launch DSAlgo application and test Array page]"</td>
<td></td>
<td>0</td>
<td>runner.TestRunner@57a3e26a</td></tr>
<tr>
<td title='runner.TestRunner.runScenario()'><b>runScenario</b><br>Test class: runner.TestRunner<br>Test method: Runs Cucumber Scenarios<br>Parameters: "User is on Home page and click getstarted link "Tree" on home page without sign in", "Optional[User launch the dsalgo portal link and test the home page]"</td>
<td></td>
<td>1</td>
<td>runner.TestRunner@57a3e26a</td></tr>
<tr>
<td title='runner.TestRunner.runScenario()'><b>runScenario</b><br>Test class: runner.TestRunner<br>Test method: Runs Cucumber Scenarios<br>Parameters: "User navigated to Binary Tree Traversals page", "Optional[User Validates the Tree module in DS Algo]"</td>
<td></td>
<td>0</td>
<td>runner.TestRunner@57a3e26a</td></tr>
<tr>
<td title='runner.TestRunner.runScenario()'><b>runScenario</b><br>Test class: runner.TestRunner<br>Test method: Runs Cucumber Scenarios<br>Parameters: "User navigated to Tree Traversals page", "Optional[User Validates the Tree module in DS Algo]"</td>
<td></td>
<td>0</td>
<td>runner.TestRunner@57a3e26a</td></tr>
<tr>
<td title='runner.TestRunner.runScenario()'><b>runScenario</b><br>Test class: runner.TestRunner<br>Test method: Runs Cucumber Scenarios<br>Parameters: "The user is presented with error message for code with the invalid syntax in tryEditor", "Optional[User Validates the Tree module in DS Algo]"</td>
<td></td>
<td>0</td>
<td>runner.TestRunner@57a3e26a</td></tr>
<tr>
<td title='runner.TestRunner.runScenario()'><b>runScenario</b><br>Test class: runner.TestRunner<br>Test method: Runs Cucumber Scenarios<br>Parameters: "The user is able to navigate to a page having an tryEditor", "Optional[User Validates the Tree module in DS Algo]"</td>
<td></td>
<td>0</td>
<td>runner.TestRunner@57a3e26a</td></tr>
<tr>
<td title='runner.TestRunner.runScenario()'><b>runScenario</b><br>Test class: runner.TestRunner<br>Test method: Runs Cucumber Scenarios<br>Parameters: "The user is able to navigate to Question page from Squares of a Sorted Array link", "Optional[User launch DSAlgo application and test Array page]"</td>
<td></td>
<td>0</td>
<td>runner.TestRunner@57a3e26a</td></tr>
<tr>
<td title='runner.TestRunner.runScenario()'><b>runScenario</b><br>Test class: runner.TestRunner<br>Test method: Runs Cucumber Scenarios<br>Parameters: "The user run the code in tryEditor with the valid input", "Optional[User Validates the Linked List module in DS Algo]"</td>
<td></td>
<td>1</td>
<td>runner.TestRunner@57a3e26a</td></tr>
<tr>
<td title='runner.TestRunner.runScenario()'><b>runScenario</b><br>Test class: runner.TestRunner<br>Test method: Runs Cucumber Scenarios<br>Parameters: "The user is able to navigate to a page having an tryEditor", "Optional[User Validates the Tree module in DS Algo]"</td>
<td></td>
<td>0</td>
<td>runner.TestRunner@57a3e26a</td></tr>
<tr>
<td title='runner.TestRunner.runScenario()'><b>runScenario</b><br>Test class: runner.TestRunner<br>Test method: Runs Cucumber Scenarios<br>Parameters: "User navigated to Tree page", "Optional[User Validates the Tree module in DS Algo]"</td>
<td></td>
<td>0</td>
<td>runner.TestRunner@57a3e26a</td></tr>
<tr>
<td title='runner.TestRunner.runScenario()'><b>runScenario</b><br>Test class: runner.TestRunner<br>Test method: Runs Cucumber Scenarios<br>Parameters: "user navigated to "Implement linked list in python" page", "Optional[User Validates the Linked List module in DS Algo]"</td>
<td></td>
<td>0</td>
<td>runner.TestRunner@57a3e26a</td></tr>
<tr>
<td title='runner.TestRunner.runScenario()'><b>runScenario</b><br>Test class: runner.TestRunner<br>Test method: Runs Cucumber Scenarios<br>Parameters: "The user is able to navigate to Array page", "Optional[User launch DSAlgo application and test Array page]"</td>
<td></td>
<td>0</td>
<td>runner.TestRunner@57a3e26a</td></tr>
<tr>
<td title='runner.TestRunner.runScenario()'><b>runScenario</b><br>Test class: runner.TestRunner<br>Test method: Runs Cucumber Scenarios<br>Parameters: "The user is able to navigate to "Applications" Data Structure Page", "Optional[User launch DSAlgo application and test Stack page]"</td>
<td></td>
<td>1</td>
<td>runner.TestRunner@57a3e26a</td></tr>
<tr>
<td title='runner.TestRunner.runScenario()'><b>runScenario</b><br>Test class: runner.TestRunner<br>Test method: Runs Cucumber Scenarios<br>Parameters: "User navigated to Introduction page", "Optional[User Validates the Linked List module in DS Algo]"</td>
<td></td>
<td>0</td>
<td>runner.TestRunner@57a3e26a</td></tr>
<tr>
<td title='runner.TestRunner.runScenario()'><b>runScenario</b><br>Test class: runner.TestRunner<br>Test method: Runs Cucumber Scenarios<br>Parameters: "User navigated to Implementation in Python page", "Optional[User Validates the Tree module in DS Algo]"</td>
<td></td>
<td>0</td>
<td>runner.TestRunner@57a3e26a</td></tr>
<tr>
<td title='runner.TestRunner.runScenario()'><b>runScenario</b><br>Test class: runner.TestRunner<br>Test method: Runs Cucumber Scenarios<br>Parameters: "The user is presented with error message for code with invalid syntax in tryEditor for Graph page", "Optional[User launch DSAlgo application and test Graph page]"</td>
<td></td>
<td>0</td>
<td>runner.TestRunner@57a3e26a</td></tr>
<tr>
<td title='runner.TestRunner.runScenario()'><b>runScenario</b><br>Test class: runner.TestRunner<br>Test method: Runs Cucumber Scenarios<br>Parameters: "The user is presented with error message for code with the invalid syntax in tryEditor", "Optional[User Validates the Tree module in DS Algo]"</td>
<td></td>
<td>0</td>
<td>runner.TestRunner@57a3e26a</td></tr>
<tr>
<td title='runner.TestRunner.runScenario()'><b>runScenario</b><br>Test class: runner.TestRunner<br>Test method: Runs Cucumber Scenarios<br>Parameters: "The user clicks back to navigate to Practice Questions page", "Optional[User launch DSAlgo application and test Array page]"</td>
<td></td>
<td>0</td>
<td>runner.TestRunner@57a3e26a</td></tr>
<tr>
<td title='runner.TestRunner.runScenario()'><b>runScenario</b><br>Test class: runner.TestRunner<br>Test method: Runs Cucumber Scenarios<br>Parameters: "The user is able run code in tryEditor for Search the array page", "Optional[User launch DSAlgo application and test Array page]"</td>
<td></td>
<td>1</td>
<td>runner.TestRunner@57a3e26a</td></tr>
<tr>
<td title='runner.TestRunner.runScenario()'><b>runScenario</b><br>Test class: runner.TestRunner<br>Test method: Runs Cucumber Scenarios<br>Parameters: "The user is able to navigate to Graph Representations page", "Optional[User launch DSAlgo application and test Graph page]"</td>
<td></td>
<td>0</td>
<td>runner.TestRunner@57a3e26a</td></tr>
<tr>
<td title='runner.TestRunner.runScenario()'><b>runScenario</b><br>Test class: runner.TestRunner<br>Test method: Runs Cucumber Scenarios<br>Parameters: "The user is presented with error message for code with the invalid syntax in tryEditor", "Optional[User Validates the Tree module in DS Algo]"</td>
<td></td>
<td>0</td>
<td>runner.TestRunner@57a3e26a</td></tr>
<tr>
<td title='runner.TestRunner.runScenario()'><b>runScenario</b><br>Test class: runner.TestRunner<br>Test method: Runs Cucumber Scenarios<br>Parameters: "The user run the code in tryEditor with the valid input", "Optional[User Validates the Linked List module in DS Algo]"</td>
<td></td>
<td>1</td>
<td>runner.TestRunner@57a3e26a</td></tr>
<tr>
<td title='runner.TestRunner.runScenario()'><b>runScenario</b><br>Test class: runner.TestRunner<br>Test method: Runs Cucumber Scenarios<br>Parameters: "The user is able run code in tryEditor for Find Numbers with Even Number of Digits page", "Optional[User launch DSAlgo application and test Array page]"</td>
<td></td>
<td>1</td>
<td>runner.TestRunner@57a3e26a</td></tr>
<tr>
<td title='runner.TestRunner.runScenario()'><b>runScenario</b><br>Test class: runner.TestRunner<br>Test method: Runs Cucumber Scenarios<br>Parameters: "The user is presented with error message for code with the invalid syntax in tryEditor", "Optional[User Validates the Linked List module in DS Algo]"</td>
<td></td>
<td>0</td>
<td>runner.TestRunner@57a3e26a</td></tr>
<tr>
<td title='runner.TestRunner.runScenario()'><b>runScenario</b><br>Test class: runner.TestRunner<br>Test method: Runs Cucumber Scenarios<br>Parameters: "User navigated to Traversals-Illustration page", "Optional[User Validates the Tree module in DS Algo]"</td>
<td></td>
<td>0</td>
<td>runner.TestRunner@57a3e26a</td></tr>
<tr>
<td title='runner.TestRunner.runScenario()'><b>runScenario</b><br>Test class: runner.TestRunner<br>Test method: Runs Cucumber Scenarios<br>Parameters: "The user is able to navigate to a page having an tryEditor from Time Complexity page", "Optional[User launch DSAlgo application and test Data Structure introduction page]"</td>
<td></td>
<td>1</td>
<td>runner.TestRunner@57a3e26a</td></tr>
<tr>
<td title='runner.TestRunner.runScenario()'><b>runScenario</b><br>Test class: runner.TestRunner<br>Test method: Runs Cucumber Scenarios<br>Parameters: "The user is able to navigate to a page having an tryEditor", "Optional[User Validates the Tree module in DS Algo]"</td>
<td></td>
<td>0</td>
<td>runner.TestRunner@57a3e26a</td></tr>
<tr>
<td title='runner.TestRunner.runScenario()'><b>runScenario</b><br>Test class: runner.TestRunner<br>Test method: Runs Cucumber Scenarios<br>Parameters: "The user is able to navigate to a page having an tryEditor from Graph Representations  page", "Optional[User launch DSAlgo application and test Graph page]"</td>
<td></td>
<td>0</td>
<td>runner.TestRunner@57a3e26a</td></tr>
<tr>
<td title='runner.TestRunner.runScenario()'><b>runScenario</b><br>Test class: runner.TestRunner<br>Test method: Runs Cucumber Scenarios<br>Parameters: "User is on Home page and click on sign in", "Optional[User launch the dsalgo portal link and test the home page]"</td>
<td></td>
<td>0</td>
<td>runner.TestRunner@57a3e26a</td></tr>
<tr>
<td title='runner.TestRunner.runScenario()'><b>runScenario</b><br>Test class: runner.TestRunner<br>Test method: Runs Cucumber Scenarios<br>Parameters: "The user clicks back to navigate to Practice Questions page", "Optional[User launch DSAlgo application and test Array page]"</td>
<td></td>
<td>0</td>
<td>runner.TestRunner@57a3e26a</td></tr>
<tr>
<td title='runner.TestRunner.runScenario()'><b>runScenario</b><br>Test class: runner.TestRunner<br>Test method: Runs Cucumber Scenarios<br>Parameters: "The user is presented with error message for code with invalid syntax in tryEditor for Implementation page", "Optional[User launch DSAlgo application and test Stack page]"</td>
<td></td>
<td>1</td>
<td>runner.TestRunner@57a3e26a</td></tr>
<tr>
<td title='runner.TestRunner.runScenario()'><b>runScenario</b><br>Test class: runner.TestRunner<br>Test method: Runs Cucumber Scenarios<br>Parameters: "The user is able to navigate to Applications page", "Optional[User launch DSAlgo application and test Stack page]"</td>
<td></td>
<td>0</td>
<td>runner.TestRunner@57a3e26a</td></tr>
<tr>
<td title='runner.TestRunner.runScenario()'><b>runScenario</b><br>Test class: runner.TestRunner<br>Test method: Runs Cucumber Scenarios<br>Parameters: "The user is presented with error message for code with invalid syntax in tryEditor for Basic Operations in Lists page", "Optional[User launch DSAlgo application and test Array page]"</td>
<td></td>
<td>1</td>
<td>runner.TestRunner@57a3e26a</td></tr>
<tr>
<td title='runner.TestRunner.runScenario()'><b>runScenario</b><br>Test class: runner.TestRunner<br>Test method: Runs Cucumber Scenarios<br>Parameters: "User navigated to Applications of Binary trees page", "Optional[User Validates the Tree module in DS Algo]"</td>
<td></td>
<td>0</td>
<td>runner.TestRunner@57a3e26a</td></tr>
<tr>
<td title='runner.TestRunner.runScenario()'><b>runScenario</b><br>Test class: runner.TestRunner<br>Test method: Runs Cucumber Scenarios<br>Parameters: "The user is able run code in tryEditor for Graph Representations  page", "Optional[User launch DSAlgo application and test Graph page]"</td>
<td></td>
<td>1</td>
<td>runner.TestRunner@57a3e26a</td></tr>
<tr>
<td title='runner.TestRunner.runScenario()'><b>runScenario</b><br>Test class: runner.TestRunner<br>Test method: Runs Cucumber Scenarios<br>Parameters: "The user is presented with error message for code with the invalid syntax in tryEditor", "Optional[User Validates the Tree module in DS Algo]"</td>
<td></td>
<td>0</td>
<td>runner.TestRunner@57a3e26a</td></tr>
<tr>
<td title='runner.TestRunner.runScenario()'><b>runScenario</b><br>Test class: runner.TestRunner<br>Test method: Runs Cucumber Scenarios<br>Parameters: "The user is able to navigate to Implementation page", "Optional[User launch DSAlgo application and test Stack page]"</td>
<td></td>
<td>0</td>
<td>runner.TestRunner@57a3e26a</td></tr>
<tr>
<td title='runner.TestRunner.runScenario()'><b>runScenario</b><br>Test class: runner.TestRunner<br>Test method: Runs Cucumber Scenarios<br>Parameters: "The user is presented with error message for password mismatch", "Optional[User Validates the register page in DS Algo]"</td>
<td></td>
<td>1</td>
<td>runner.TestRunner@57a3e26a</td></tr>
<tr>
<td title='runner.TestRunner.runScenario()'><b>runScenario</b><br>Test class: runner.TestRunner<br>Test method: Runs Cucumber Scenarios<br>Parameters: "User navigated to Practice Questions page", "Optional[User Validates the Tree module in DS Algo]"</td>
<td></td>
<td>0</td>
<td>runner.TestRunner@57a3e26a</td></tr>
<tr>
<td title='runner.TestRunner.runScenario()'><b>runScenario</b><br>Test class: runner.TestRunner<br>Test method: Runs Cucumber Scenarios<br>Parameters: "User navigated to Graph Representations page", "Optional[User launch DSAlgo application and test Graph page]"</td>
<td></td>
<td>0</td>
<td>runner.TestRunner@57a3e26a</td></tr>
<tr>
<td title='runner.TestRunner.runScenario()'><b>runScenario</b><br>Test class: runner.TestRunner<br>Test method: Runs Cucumber Scenarios<br>Parameters: "User is on Home page and click on dropdown without sign in", "Optional[User launch the dsalgo portal link and test the home page]"</td>
<td></td>
<td>1</td>
<td>runner.TestRunner@57a3e26a</td></tr>
<tr>
<td title='runner.TestRunner.runScenario()'><b>runScenario</b><br>Test class: runner.TestRunner<br>Test method: Runs Cucumber Scenarios<br>Parameters: "User navigated to Traversal", "Optional[User Validates the Linked List module in DS Algo]"</td>
<td></td>
<td>0</td>
<td>runner.TestRunner@57a3e26a</td></tr>
<tr>
<td title='runner.TestRunner.runScenario()'><b>runScenario</b><br>Test class: runner.TestRunner<br>Test method: Runs Cucumber Scenarios<br>Parameters: "The user is able run code in tryEditor for Queue Operations page", "Optional[User launch DSAlgo application and test Queue page]"</td>
<td></td>
<td>1</td>
<td>runner.TestRunner@57a3e26a</td></tr>
<tr>
<td title='runner.TestRunner.runScenario()'><b>runScenario</b><br>Test class: runner.TestRunner<br>Test method: Runs Cucumber Scenarios<br>Parameters: "The user is able run code in tryEditor for Implementation  page", "Optional[User launch DSAlgo application and test Stack page]"</td>
<td></td>
<td>1</td>
<td>runner.TestRunner@57a3e26a</td></tr>
<tr>
<td title='runner.TestRunner.runScenario()'><b>runScenario</b><br>Test class: runner.TestRunner<br>Test method: Runs Cucumber Scenarios<br>Parameters: "The user run the code in tryEditor with the valid input", "Optional[User Validates the Tree module in DS Algo]"</td>
<td></td>
<td>1</td>
<td>runner.TestRunner@57a3e26a</td></tr>
<tr>
<td title='runner.TestRunner.runScenario()'><b>runScenario</b><br>Test class: runner.TestRunner<br>Test method: Runs Cucumber Scenarios<br>Parameters: "User navigated to tryEditor page with Run button from Creating Linked List page", "Optional[User Validates the Linked List module in DS Algo]"</td>
<td></td>
<td>0</td>
<td>runner.TestRunner@57a3e26a</td></tr>
<tr>
<td title='runner.TestRunner.runScenario()'><b>runScenario</b><br>Test class: runner.TestRunner<br>Test method: Runs Cucumber Scenarios<br>Parameters: "The user is logged in to DS Algo portal", "Optional[User launch DSAlgo application and test Data Structure introduction page]"</td>
<td></td>
<td>1</td>
<td>runner.TestRunner@57a3e26a</td></tr>
<tr>
<td title='runner.TestRunner.runScenario()'><b>runScenario</b><br>Test class: runner.TestRunner<br>Test method: Runs Cucumber Scenarios<br>Parameters: "The user is able to navigate to a page having an tryEditor", "Optional[User Validates the Tree module in DS Algo]"</td>
<td></td>
<td>0</td>
<td>runner.TestRunner@57a3e26a</td></tr>
<tr>
<td title='runner.TestRunner.runScenario()'><b>runScenario</b><br>Test class: runner.TestRunner<br>Test method: Runs Cucumber Scenarios<br>Parameters: "The user run the code in tryEditor with the valid input", "Optional[User Validates the Tree module in DS Algo]"</td>
<td></td>
<td>1</td>
<td>runner.TestRunner@57a3e26a</td></tr>
<tr>
<td title='runner.TestRunner.runScenario()'><b>runScenario</b><br>Test class: runner.TestRunner<br>Test method: Runs Cucumber Scenarios<br>Parameters: "The user is able run code in tryEditor for Implementation of Queue in Python page", "Optional[User launch DSAlgo application and test Queue page]"</td>
<td></td>
<td>1</td>
<td>runner.TestRunner@57a3e26a</td></tr>
<tr>
<td title='runner.TestRunner.runScenario()'><b>runScenario</b><br>Test class: runner.TestRunner<br>Test method: Runs Cucumber Scenarios<br>Parameters: "Verify the register link", "Optional[User Validates the Signin page in DS Algo]"</td>
<td></td>
<td>0</td>
<td>runner.TestRunner@57a3e26a</td></tr>
<tr>
<td title='runner.TestRunner.runScenario()'><b>runScenario</b><br>Test class: runner.TestRunner<br>Test method: Runs Cucumber Scenarios<br>Parameters: "The user is able to navigate to "Graph" Data Structure Page", "Optional[User launch DSAlgo application and test Graph page]"</td>
<td></td>
<td>0</td>
<td>runner.TestRunner@57a3e26a</td></tr>
<tr>
<td title='runner.TestRunner.runScenario()'><b>runScenario</b><br>Test class: runner.TestRunner<br>Test method: Runs Cucumber Scenarios<br>Parameters: "User navigated to tryEditor page with Run button from Insertion page", "Optional[User Validates the Linked List module in DS Algo]"</td>
<td></td>
<td>0</td>
<td>runner.TestRunner@57a3e26a</td></tr>
<tr>
<td title='runner.TestRunner.runScenario()'><b>runScenario</b><br>Test class: runner.TestRunner<br>Test method: Runs Cucumber Scenarios<br>Parameters: "User navigated to Implementation in Python page", "Optional[User Validates the Tree module in DS Algo]"</td>
<td></td>
<td>0</td>
<td>runner.TestRunner@57a3e26a</td></tr>
<tr>
<td title='runner.TestRunner.runScenario()'><b>runScenario</b><br>Test class: runner.TestRunner<br>Test method: Runs Cucumber Scenarios<br>Parameters: "The user is able to navigate to a page having an tryEditor from Implementation using array page", "Optional[User launch DSAlgo application and test Queue page]"</td>
<td></td>
<td>0</td>
<td>runner.TestRunner@57a3e26a</td></tr>
<tr>
<td title='runner.TestRunner.runScenario()'><b>runScenario</b><br>Test class: runner.TestRunner<br>Test method: Runs Cucumber Scenarios<br>Parameters: "The user is able run code in tryEditor for Implementation using collections.deque page", "Optional[User launch DSAlgo application and test Queue page]"</td>
<td></td>
<td>1</td>
<td>runner.TestRunner@57a3e26a</td></tr>
<tr>
<td title='runner.TestRunner.runScenario()'><b>runScenario</b><br>Test class: runner.TestRunner<br>Test method: Runs Cucumber Scenarios<br>Parameters: "The user is presented with error message for empty fields below Username textbox", "Optional[User Validates the register page in DS Algo]"</td>
<td></td>
<td>0</td>
<td>runner.TestRunner@57a3e26a</td></tr>
<tr>
<td title='runner.TestRunner.runScenario()'><b>runScenario</b><br>Test class: runner.TestRunner<br>Test method: Runs Cucumber Scenarios<br>Parameters: "The user is able to navigate to a page having an tryEditor", "Optional[User Validates the Tree module in DS Algo]"</td>
<td></td>
<td>0</td>
<td>runner.TestRunner@57a3e26a</td></tr>
<tr>
<td title='runner.TestRunner.runScenario()'><b>runScenario</b><br>Test class: runner.TestRunner<br>Test method: Runs Cucumber Scenarios<br>Parameters: "The user run the code in tryEditor with the valid input", "Optional[User Validates the Linked List module in DS Algo]"</td>
<td></td>
<td>1</td>
<td>runner.TestRunner@57a3e26a</td></tr>
<tr>
<td title='runner.TestRunner.runScenario()'><b>runScenario</b><br>Test class: runner.TestRunner<br>Test method: Runs Cucumber Scenarios<br>Parameters: "The user run the code in tryEditor with the valid input", "Optional[User Validates the Tree module in DS Algo]"</td>
<td></td>
<td>1</td>
<td>runner.TestRunner@57a3e26a</td></tr>
<tr>
<td title='runner.TestRunner.runScenario()'><b>runScenario</b><br>Test class: runner.TestRunner<br>Test method: Runs Cucumber Scenarios<br>Parameters: "User on login page and login with invalid and valid inputs from Excel "Userdetails" and 2", "Optional[User Validates the Signin page in DS Algo]"</td>
<td></td>
<td>1</td>
<td>runner.TestRunner@57a3e26a</td></tr>
<tr>
<td title='runner.TestRunner.runScenario()'><b>runScenario</b><br>Test class: runner.TestRunner<br>Test method: Runs Cucumber Scenarios<br>Parameters: "The user is able to navigate to Queue Operations page", "Optional[User launch DSAlgo application and test Queue page]"</td>
<td></td>
<td>0</td>
<td>runner.TestRunner@57a3e26a</td></tr>
<tr>
<td title='runner.TestRunner.runScenario()'><b>runScenario</b><br>Test class: runner.TestRunner<br>Test method: Runs Cucumber Scenarios<br>Parameters: "User is on Home page and click getstarted link "Queue" on home page without sign in", "Optional[User launch the dsalgo portal link and test the home page]"</td>
<td></td>
<td>1</td>
<td>runner.TestRunner@57a3e26a</td></tr>
<tr>
<td title='runner.TestRunner.runScenario()'><b>runScenario</b><br>Test class: runner.TestRunner<br>Test method: Runs Cucumber Scenarios<br>Parameters: "The user is able to navigate to Stack page", "Optional[User launch DSAlgo application and test Stack page]"</td>
<td></td>
<td>0</td>
<td>runner.TestRunner@57a3e26a</td></tr>
<tr>
<td title='runner.TestRunner.runScenario()'><b>runScenario</b><br>Test class: runner.TestRunner<br>Test method: Runs Cucumber Scenarios<br>Parameters: "User is on Home page and click on dropdown without sign in", "Optional[User launch the dsalgo portal link and test the home page]"</td>
<td></td>
<td>1</td>
<td>runner.TestRunner@57a3e26a</td></tr>
<tr>
<td title='runner.TestRunner.runScenario()'><b>runScenario</b><br>Test class: runner.TestRunner<br>Test method: Runs Cucumber Scenarios<br>Parameters: "The user is able to navigate to Practice Questions page", "Optional[User launch DSAlgo application and test Array page]"</td>
<td></td>
<td>0</td>
<td>runner.TestRunner@57a3e26a</td></tr>
<tr>
<td title='runner.TestRunner.runScenario()'><b>runScenario</b><br>Test class: runner.TestRunner<br>Test method: Runs Cucumber Scenarios<br>Parameters: "User navigated to Applications of Binary trees page", "Optional[User Validates the Tree module in DS Algo]"</td>
<td></td>
<td>0</td>
<td>runner.TestRunner@57a3e26a</td></tr>
<tr>
<td title='runner.TestRunner.runScenario()'><b>runScenario</b><br>Test class: runner.TestRunner<br>Test method: Runs Cucumber Scenarios<br>Parameters: "User is on Home page and click getstarted link "Stack" on home page without sign in", "Optional[User launch the dsalgo portal link and test the home page]"</td>
<td></td>
<td>0</td>
<td>runner.TestRunner@57a3e26a</td></tr>
<tr>
<td title='runner.TestRunner.runScenario()'><b>runScenario</b><br>Test class: runner.TestRunner<br>Test method: Runs Cucumber Scenarios<br>Parameters: "The user is presented with error message for code with the invalid syntax in tryEditor", "Optional[User Validates the Tree module in DS Algo]"</td>
<td></td>
<td>0</td>
<td>runner.TestRunner@57a3e26a</td></tr>
<tr>
<td title='runner.TestRunner.runScenario()'><b>runScenario</b><br>Test class: runner.TestRunner<br>Test method: Runs Cucumber Scenarios<br>Parameters: "The user is able run code in tryEditor for Squares of a Sorted Array page", "Optional[User launch DSAlgo application and test Array page]"</td>
<td></td>
<td>1</td>
<td>runner.TestRunner@57a3e26a</td></tr>
<tr>
<td title='runner.TestRunner.runScenario()'><b>runScenario</b><br>Test class: runner.TestRunner<br>Test method: Runs Cucumber Scenarios<br>Parameters: "user navigated to "Traversal" page", "Optional[User Validates the Linked List module in DS Algo]"</td>
<td></td>
<td>0</td>
<td>runner.TestRunner@57a3e26a</td></tr>
<tr>
<td title='runner.TestRunner.runScenario()'><b>runScenario</b><br>Test class: runner.TestRunner<br>Test method: Runs Cucumber Scenarios<br>Parameters: "The user is presented with error message for code with invalid syntax in tryEditor for Implementation using collections.deque page", "Optional[User launch DSAlgo application and test Queue page]"</td>
<td></td>
<td>0</td>
<td>runner.TestRunner@57a3e26a</td></tr>
<tr>
<td title='runner.TestRunner.runScenario()'><b>runScenario</b><br>Test class: runner.TestRunner<br>Test method: Runs Cucumber Scenarios<br>Parameters: "User navigated to Binary Search Trees page", "Optional[User Validates the Tree module in DS Algo]"</td>
<td></td>
<td>0</td>
<td>runner.TestRunner@57a3e26a</td></tr>
<tr>
<td title='runner.TestRunner.runScenario()'><b>runScenario</b><br>Test class: runner.TestRunner<br>Test method: Runs Cucumber Scenarios<br>Parameters: "The user is able run code in tryEditor for Implementation using array page", "Optional[User launch DSAlgo application and test Queue page]"</td>
<td></td>
<td>1</td>
<td>runner.TestRunner@57a3e26a</td></tr>
<tr>
<td title='runner.TestRunner.runScenario()'><b>runScenario</b><br>Test class: runner.TestRunner<br>Test method: Runs Cucumber Scenarios<br>Parameters: "User navigated to Binary Search Trees page", "Optional[User Validates the Tree module in DS Algo]"</td>
<td></td>
<td>0</td>
<td>runner.TestRunner@57a3e26a</td></tr>
<tr>
<td title='runner.TestRunner.runScenario()'><b>runScenario</b><br>Test class: runner.TestRunner<br>Test method: Runs Cucumber Scenarios<br>Parameters: "The user run the code in tryEditor with the valid input", "Optional[User Validates the Tree module in DS Algo]"</td>
<td></td>
<td>1</td>
<td>runner.TestRunner@57a3e26a</td></tr>
<tr>
<td title='runner.TestRunner.runScenario()'><b>runScenario</b><br>Test class: runner.TestRunner<br>Test method: Runs Cucumber Scenarios<br>Parameters: "User navigated to Binary Search Trees page", "Optional[User Validates the Tree module in DS Algo]"</td>
<td></td>
<td>0</td>
<td>runner.TestRunner@57a3e26a</td></tr>
<tr>
<td title='runner.TestRunner.runScenario()'><b>runScenario</b><br>Test class: runner.TestRunner<br>Test method: Runs Cucumber Scenarios<br>Parameters: "user navigated to "Insertion" page", "Optional[User Validates the Linked List module in DS Algo]"</td>
<td></td>
<td>0</td>
<td>runner.TestRunner@57a3e26a</td></tr>
<tr>
<td title='runner.TestRunner.runScenario()'><b>runScenario</b><br>Test class: runner.TestRunner<br>Test method: Runs Cucumber Scenarios<br>Parameters: "The user is presented with error message for empty fields below Password Confirmation textbox", "Optional[User Validates the register page in DS Algo]"</td>
<td></td>
<td>1</td>
<td>runner.TestRunner@57a3e26a</td></tr>
<tr>
<td title='runner.TestRunner.runScenario()'><b>runScenario</b><br>Test class: runner.TestRunner<br>Test method: Runs Cucumber Scenarios<br>Parameters: "The user run the code in tryEditor with the valid input", "Optional[User Validates the Tree module in DS Algo]"</td>
<td></td>
<td>1</td>
<td>runner.TestRunner@57a3e26a</td></tr>
<tr>
<td title='runner.TestRunner.runScenario()'><b>runScenario</b><br>Test class: runner.TestRunner<br>Test method: Runs Cucumber Scenarios<br>Parameters: "The user is presented with error message for code with the invalid syntax in tryEditor", "Optional[User Validates the Tree module in DS Algo]"</td>
<td></td>
<td>0</td>
<td>runner.TestRunner@57a3e26a</td></tr>
<tr>
<td title='runner.TestRunner.runScenario()'><b>runScenario</b><br>Test class: runner.TestRunner<br>Test method: Runs Cucumber Scenarios<br>Parameters: "The user is able to navigate to a page having an tryEditor from Graph page", "Optional[User launch DSAlgo application and test Graph page]"</td>
<td></td>
<td>0</td>
<td>runner.TestRunner@57a3e26a</td></tr>
<tr>
<td title='runner.TestRunner.runScenario()'><b>runScenario</b><br>Test class: runner.TestRunner<br>Test method: Runs Cucumber Scenarios<br>Parameters: "The user is able to navigate to "Queue" Data Structure Page", "Optional[User launch DSAlgo application and test Queue page]"</td>
<td></td>
<td>1</td>
<td>runner.TestRunner@57a3e26a</td></tr>
<tr>
<td title='runner.TestRunner.runScenario()'><b>runScenario</b><br>Test class: runner.TestRunner<br>Test method: Runs Cucumber Scenarios<br>Parameters: "The user is presented with error message for code with the invalid syntax in tryEditor", "Optional[User Validates the Tree module in DS Algo]"</td>
<td></td>
<td>0</td>
<td>runner.TestRunner@57a3e26a</td></tr>
<tr>
<td title='runner.TestRunner.runScenario()'><b>runScenario</b><br>Test class: runner.TestRunner<br>Test method: Runs Cucumber Scenarios<br>Parameters: "The user is presented with error message for code with the invalid syntax in tryEditor", "Optional[User Validates the Tree module in DS Algo]"</td>
<td></td>
<td>0</td>
<td>runner.TestRunner@57a3e26a</td></tr>
<tr>
<td title='runner.TestRunner.runScenario()'><b>runScenario</b><br>Test class: runner.TestRunner<br>Test method: Runs Cucumber Scenarios<br>Parameters: "The user run the code in tryEditor with the valid input", "Optional[User Validates the Tree module in DS Algo]"</td>
<td></td>
<td>1</td>
<td>runner.TestRunner@57a3e26a</td></tr>
<tr>
<td title='runner.TestRunner.runScenario()'><b>runScenario</b><br>Test class: runner.TestRunner<br>Test method: Runs Cucumber Scenarios<br>Parameters: "The user is able run code in tryEditor for Applications of Array page", "Optional[User launch DSAlgo application and test Array page]"</td>
<td></td>
<td>1</td>
<td>runner.TestRunner@57a3e26a</td></tr>
<tr>
<td title='runner.TestRunner.runScenario()'><b>runScenario</b><br>Test class: runner.TestRunner<br>Test method: Runs Cucumber Scenarios<br>Parameters: "User navigated to Implement Linked List in Python", "Optional[User Validates the Linked List module in DS Algo]"</td>
<td></td>
<td>0</td>
<td>runner.TestRunner@57a3e26a</td></tr>
<tr>
<td title='runner.TestRunner.runScenario()'><b>runScenario</b><br>Test class: runner.TestRunner<br>Test method: Runs Cucumber Scenarios<br>Parameters: "The user is able to navigate to a page having an tryEditor from Basic Operations in Lists page", "Optional[User launch DSAlgo application and test Array page]"</td>
<td></td>
<td>0</td>
<td>runner.TestRunner@57a3e26a</td></tr>
<tr>
<td title='runner.TestRunner.runScenario()'><b>runScenario</b><br>Test class: runner.TestRunner<br>Test method: Runs Cucumber Scenarios<br>Parameters: "User launch home page of an dsalgo project", "Optional[User launch the dsalgo portal link and test the home page]"</td>
<td></td>
<td>10</td>
<td>runner.TestRunner@57a3e26a</td></tr>
<tr>
<td title='runner.TestRunner.runScenario()'><b>runScenario</b><br>Test class: runner.TestRunner<br>Test method: Runs Cucumber Scenarios<br>Parameters: "The user clicks back to navigate to Practice Questions page", "Optional[User launch DSAlgo application and test Array page]"</td>
<td></td>
<td>0</td>
<td>runner.TestRunner@57a3e26a</td></tr>
<tr>
<td title='runner.TestRunner.runScenario()'><b>runScenario</b><br>Test class: runner.TestRunner<br>Test method: Runs Cucumber Scenarios<br>Parameters: "The user is presented with error message for code with the invalid syntax in tryEditor", "Optional[User Validates the Tree module in DS Algo]"</td>
<td></td>
<td>0</td>
<td>runner.TestRunner@57a3e26a</td></tr>
<tr>
<td title='runner.TestRunner.runScenario()'><b>runScenario</b><br>Test class: runner.TestRunner<br>Test method: Runs Cucumber Scenarios<br>Parameters: "The user is able to navigate to a page having an tryEditor from Applications page", "Optional[User launch DSAlgo application and test Stack page]"</td>
<td></td>
<td>0</td>
<td>runner.TestRunner@57a3e26a</td></tr>
<tr>
<td title='runner.TestRunner.runScenario()'><b>runScenario</b><br>Test class: runner.TestRunner<br>Test method: Runs Cucumber Scenarios<br>Parameters: "The user is able run code in tryEditor for Applications page", "Optional[User launch DSAlgo application and test Stack page]"</td>
<td></td>
<td>1</td>
<td>runner.TestRunner@57a3e26a</td></tr>
<tr>
<td title='runner.TestRunner.runScenario()'><b>runScenario</b><br>Test class: runner.TestRunner<br>Test method: Runs Cucumber Scenarios<br>Parameters: "The user is able to navigate to "Arrays" Data Structure Page", "Optional[User launch DSAlgo application and test Array page]"</td>
<td></td>
<td>1</td>
<td>runner.TestRunner@57a3e26a</td></tr>
<tr>
<td title='runner.TestRunner.runScenario()'><b>runScenario</b><br>Test class: runner.TestRunner<br>Test method: Runs Cucumber Scenarios<br>Parameters: "User navigated to Binary Trees page", "Optional[User Validates the Tree module in DS Algo]"</td>
<td></td>
<td>0</td>
<td>runner.TestRunner@57a3e26a</td></tr>
<tr>
<td title='runner.TestRunner.runScenario()'><b>runScenario</b><br>Test class: runner.TestRunner<br>Test method: Runs Cucumber Scenarios<br>Parameters: "The user is able to navigate to Graph page", "Optional[User launch DSAlgo application and test Graph page]"</td>
<td></td>
<td>0</td>
<td>runner.TestRunner@57a3e26a</td></tr>
<tr>
<td title='runner.TestRunner.runScenario()'><b>runScenario</b><br>Test class: runner.TestRunner<br>Test method: Runs Cucumber Scenarios<br>Parameters: "User on login page and login with the fields empty "" and "passowrd"", "Optional[User Validates the Signin page in DS Algo]"</td>
<td></td>
<td>0</td>
<td>runner.TestRunner@57a3e26a</td></tr>
<tr>
<td title='runner.TestRunner.runScenario()'><b>runScenario</b><br>Test class: runner.TestRunner<br>Test method: Runs Cucumber Scenarios<br>Parameters: "The user is able run code in tryEditor for Basic Operations in Lists page", "Optional[User launch DSAlgo application and test Array page]"</td>
<td></td>
<td>1</td>
<td>runner.TestRunner@57a3e26a</td></tr>
<tr>
<td title='runner.TestRunner.runScenario()'><b>runScenario</b><br>Test class: runner.TestRunner<br>Test method: Runs Cucumber Scenarios<br>Parameters: "The user is able to navigate to Arrays in Python page", "Optional[User launch DSAlgo application and test Array page]"</td>
<td></td>
<td>0</td>
<td>runner.TestRunner@57a3e26a</td></tr>
<tr>
<td title='runner.TestRunner.runScenario()'><b>runScenario</b><br>Test class: runner.TestRunner<br>Test method: Runs Cucumber Scenarios<br>Parameters: "The user is presented with error message for empty fields below Password textbox", "Optional[User Validates the register page in DS Algo]"</td>
<td></td>
<td>0</td>
<td>runner.TestRunner@57a3e26a</td></tr>
<tr>
<td title='runner.TestRunner.runScenario()'><b>runScenario</b><br>Test class: runner.TestRunner<br>Test method: Runs Cucumber Scenarios<br>Parameters: "The user is able to navigate to "Overview of Trees" page", "Optional[User Validates the Tree module in DS Algo]"</td>
<td></td>
<td>0</td>
<td>runner.TestRunner@57a3e26a</td></tr>
<tr>
<td title='runner.TestRunner.runScenario()'><b>runScenario</b><br>Test class: runner.TestRunner<br>Test method: Runs Cucumber Scenarios<br>Parameters: "The user is able to navigate to a page having an tryEditor", "Optional[User Validates the Tree module in DS Algo]"</td>
<td></td>
<td>0</td>
<td>runner.TestRunner@57a3e26a</td></tr>
<tr>
<td title='runner.TestRunner.runScenario()'><b>runScenario</b><br>Test class: runner.TestRunner<br>Test method: Runs Cucumber Scenarios<br>Parameters: "User navigated to Terminologies page", "Optional[User Validates the Tree module in DS Algo]"</td>
<td></td>
<td>0</td>
<td>runner.TestRunner@57a3e26a</td></tr>
<tr>
<td title='runner.TestRunner.runScenario()'><b>runScenario</b><br>Test class: runner.TestRunner<br>Test method: Runs Cucumber Scenarios<br>Parameters: "User navigated to Practice Questions page", "Optional[User launch DSAlgo application and test Graph page]"</td>
<td></td>
<td>0</td>
<td>runner.TestRunner@57a3e26a</td></tr>
<tr>
<td title='runner.TestRunner.runScenario()'><b>runScenario</b><br>Test class: runner.TestRunner<br>Test method: Runs Cucumber Scenarios<br>Parameters: "The user is able to navigate to Applications of Array page", "Optional[User launch DSAlgo application and test Array page]"</td>
<td></td>
<td>0</td>
<td>runner.TestRunner@57a3e26a</td></tr>
<tr>
<td title='runner.TestRunner.runScenario()'><b>runScenario</b><br>Test class: runner.TestRunner<br>Test method: Runs Cucumber Scenarios<br>Parameters: "The user is presented with error message for code with the invalid syntax in tryEditor", "Optional[User Validates the Linked List module in DS Algo]"</td>
<td></td>
<td>0</td>
<td>runner.TestRunner@57a3e26a</td></tr>
<tr>
<td title='runner.TestRunner.runScenario()'><b>runScenario</b><br>Test class: runner.TestRunner<br>Test method: Runs Cucumber Scenarios<br>Parameters: "The user is able to navigate to a page having an tryEditor", "Optional[User Validates the Tree module in DS Algo]"</td>
<td></td>
<td>0</td>
<td>runner.TestRunner@57a3e26a</td></tr>
<tr>
<td title='runner.TestRunner.runScenario()'><b>runScenario</b><br>Test class: runner.TestRunner<br>Test method: Runs Cucumber Scenarios<br>Parameters: "The user is able to navigate to Operations in Stack page", "Optional[User launch DSAlgo application and test Stack page]"</td>
<td></td>
<td>0</td>
<td>runner.TestRunner@57a3e26a</td></tr>
<tr>
<td title='runner.TestRunner.runScenario()'><b>runScenario</b><br>Test class: runner.TestRunner<br>Test method: Runs Cucumber Scenarios<br>Parameters: "User navigated to tryEditor page with Run button from Implement Linked List in Python", "Optional[User Validates the Linked List module in DS Algo]"</td>
<td></td>
<td>0</td>
<td>runner.TestRunner@57a3e26a</td></tr>
<tr>
<td title='runner.TestRunner.runScenario()'><b>runScenario</b><br>Test class: runner.TestRunner<br>Test method: Runs Cucumber Scenarios<br>Parameters: "The user is presented with error message for code with the invalid syntax in tryEditor", "Optional[User Validates the Linked List module in DS Algo]"</td>
<td></td>
<td>1</td>
<td>runner.TestRunner@57a3e26a</td></tr>
<tr>
<td title='runner.TestRunner.runScenario()'><b>runScenario</b><br>Test class: runner.TestRunner<br>Test method: Runs Cucumber Scenarios<br>Parameters: "The user is able to navigate to "Stack" Data Structure Page", "Optional[User launch DSAlgo application and test Stack page]"</td>
<td></td>
<td>1</td>
<td>runner.TestRunner@57a3e26a</td></tr>
<tr>
<td title='runner.TestRunner.runScenario()'><b>runScenario</b><br>Test class: runner.TestRunner<br>Test method: Runs Cucumber Scenarios<br>Parameters: "The user run the code in tryEditor with the valid input", "Optional[User Validates the Linked List module in DS Algo]"</td>
<td></td>
<td>1</td>
<td>runner.TestRunner@57a3e26a</td></tr>
<tr>
<td title='runner.TestRunner.runScenario()'><b>runScenario</b><br>Test class: runner.TestRunner<br>Test method: Runs Cucumber Scenarios<br>Parameters: "The user is able to navigate to "Arrays" Data Structure Page", "Optional[User launch DSAlgo application and test Array page]"</td>
<td></td>
<td>1</td>
<td>runner.TestRunner@57a3e26a</td></tr>
<tr>
<td title='runner.TestRunner.runScenario()'><b>runScenario</b><br>Test class: runner.TestRunner<br>Test method: Runs Cucumber Scenarios<br>Parameters: "The user is able to navigate to Implementation using collections.deque page", "Optional[User launch DSAlgo application and test Queue page]"</td>
<td></td>
<td>0</td>
<td>runner.TestRunner@57a3e26a</td></tr>
<tr>
<td title='runner.TestRunner.runScenario()'><b>runScenario</b><br>Test class: runner.TestRunner<br>Test method: Runs Cucumber Scenarios<br>Parameters: "The user is able to navigate to Arrays Using List page", "Optional[User launch DSAlgo application and test Array page]"</td>
<td></td>
<td>0</td>
<td>runner.TestRunner@57a3e26a</td></tr>
<tr>
<td title='runner.TestRunner.runScenario()'><b>runScenario</b><br>Test class: runner.TestRunner<br>Test method: Runs Cucumber Scenarios<br>Parameters: "User navigated to Types of Trees page", "Optional[User Validates the Tree module in DS Algo]"</td>
<td></td>
<td>0</td>
<td>runner.TestRunner@57a3e26a</td></tr>
<tr>
<td title='runner.TestRunner.runScenario()'><b>runScenario</b><br>Test class: runner.TestRunner<br>Test method: Runs Cucumber Scenarios<br>Parameters: "User navigated to tryEditor page with Run button from Types of Linked List page", "Optional[User Validates the Linked List module in DS Algo]"</td>
<td></td>
<td>0</td>
<td>runner.TestRunner@57a3e26a</td></tr>
<tr>
<td title='runner.TestRunner.runScenario()'><b>runScenario</b><br>Test class: runner.TestRunner<br>Test method: Runs Cucumber Scenarios<br>Parameters: "User navigated to tryEditor page with Run button from Deletion page", "Optional[User Validates the Linked List module in DS Algo]"</td>
<td></td>
<td>0</td>
<td>runner.TestRunner@57a3e26a</td></tr>
<tr>
<td title='runner.TestRunner.runScenario()'><b>runScenario</b><br>Test class: runner.TestRunner<br>Test method: Runs Cucumber Scenarios<br>Parameters: "The user is able to navigate to a page having an tryEditor", "Optional[User Validates the Tree module in DS Algo]"</td>
<td></td>
<td>0</td>
<td>runner.TestRunner@57a3e26a</td></tr>
<tr>
<td title='runner.TestRunner.runScenario()'><b>runScenario</b><br>Test class: runner.TestRunner<br>Test method: Runs Cucumber Scenarios<br>Parameters: "The user is presented with error message for code with invalid syntax in tryEditor for Applications of Array page", "Optional[User launch DSAlgo application and test Array page]"</td>
<td></td>
<td>1</td>
<td>runner.TestRunner@57a3e26a</td></tr>
<tr>
<td title='runner.TestRunner.runScenario()'><b>runScenario</b><br>Test class: runner.TestRunner<br>Test method: Runs Cucumber Scenarios<br>Parameters: "The user is able to navigate to Question page from Max Consecutive Ones link", "Optional[User launch DSAlgo application and test Array page]"</td>
<td></td>
<td>0</td>
<td>runner.TestRunner@57a3e26a</td></tr>
<tr>
<td title='runner.TestRunner.runScenario()'><b>runScenario</b><br>Test class: runner.TestRunner<br>Test method: Runs Cucumber Scenarios<br>Parameters: "user navigated to "Deletion" page", "Optional[User Validates the Linked List module in DS Algo]"</td>
<td></td>
<td>0</td>
<td>runner.TestRunner@57a3e26a</td></tr>
<tr>
<td title='runner.TestRunner.runScenario()'><b>runScenario</b><br>Test class: runner.TestRunner<br>Test method: Runs Cucumber Scenarios<br>Parameters: "The user run the code in tryEditor with the valid input", "Optional[User Validates the Tree module in DS Algo]"</td>
<td></td>
<td>1</td>
<td>runner.TestRunner@57a3e26a</td></tr>
<tr>
<td title='runner.TestRunner.runScenario()'><b>runScenario</b><br>Test class: runner.TestRunner<br>Test method: Runs Cucumber Scenarios<br>Parameters: "The user is able to navigate to Implementation of Queue in Python page", "Optional[User launch DSAlgo application and test Queue page]"</td>
<td></td>
<td>0</td>
<td>runner.TestRunner@57a3e26a</td></tr>
<tr>
<td title='runner.TestRunner.runScenario()'><b>runScenario</b><br>Test class: runner.TestRunner<br>Test method: Runs Cucumber Scenarios<br>Parameters: "User navigated to Binary Trees page", "Optional[User Validates the Tree module in DS Algo]"</td>
<td></td>
<td>0</td>
<td>runner.TestRunner@57a3e26a</td></tr>
<tr>
<td title='runner.TestRunner.runScenario()'><b>runScenario</b><br>Test class: runner.TestRunner<br>Test method: Runs Cucumber Scenarios<br>Parameters: "The user is presented with error message for code with invalid syntax in tryEditor for Find Numbers with Even Number of Digits link", "Optional[User launch DSAlgo application and test Array page]"</td>
<td></td>
<td>1</td>
<td>runner.TestRunner@57a3e26a</td></tr>
<tr>
<td title='runner.TestRunner.runScenario()'><b>runScenario</b><br>Test class: runner.TestRunner<br>Test method: Runs Cucumber Scenarios<br>Parameters: "The user is able to navigate to a page having an tryEditor", "Optional[User Validates the Tree module in DS Algo]"</td>
<td></td>
<td>0</td>
<td>runner.TestRunner@57a3e26a</td></tr>
<tr>
<td title='runner.TestRunner.runScenario()'><b>runScenario</b><br>Test class: runner.TestRunner<br>Test method: Runs Cucumber Scenarios<br>Parameters: "The user is able to navigate to Implementation using array page", "Optional[User launch DSAlgo application and test Queue page]"</td>
<td></td>
<td>0</td>
<td>runner.TestRunner@57a3e26a</td></tr>
<tr>
<td title='runner.TestRunner.runScenario()'><b>runScenario</b><br>Test class: runner.TestRunner<br>Test method: Runs Cucumber Scenarios<br>Parameters: "The user is able to navigate to Signin Page from Register Page", "Optional[User Validates the Signin page in DS Algo]"</td>
<td></td>
<td>0</td>
<td>runner.TestRunner@57a3e26a</td></tr>
<tr>
<td title='runner.TestRunner.runScenario()'><b>runScenario</b><br>Test class: runner.TestRunner<br>Test method: Runs Cucumber Scenarios<br>Parameters: "The user is presented with error message for code with invalid syntax in tryEditor for Time Complexity page", "Optional[User launch DSAlgo application and test Data Structure introduction page]"</td>
<td></td>
<td>1</td>
<td>runner.TestRunner@57a3e26a</td></tr>
<tr>
<td title='runner.TestRunner.runScenario()'><b>runScenario</b><br>Test class: runner.TestRunner<br>Test method: Runs Cucumber Scenarios<br>Parameters: "The user is able run code in tryEditor for Arrays Using List page", "Optional[User launch DSAlgo application and test Array page]"</td>
<td></td>
<td>1</td>
<td>runner.TestRunner@57a3e26a</td></tr>
<tr>
<td title='runner.TestRunner.runScenario()'><b>runScenario</b><br>Test class: runner.TestRunner<br>Test method: Runs Cucumber Scenarios<br>Parameters: "The user is presented with error message for code with invalid syntax in tryEditor for Search the array link", "Optional[User launch DSAlgo application and test Array page]"</td>
<td></td>
<td>1</td>
<td>runner.TestRunner@57a3e26a</td></tr>
<tr>
<td title='runner.TestRunner.runScenario()'><b>runScenario</b><br>Test class: runner.TestRunner<br>Test method: Runs Cucumber Scenarios<br>Parameters: "The user is able to navigate to Graph page", "Optional[User launch DSAlgo application and test Graph page]"</td>
<td></td>
<td>0</td>
<td>runner.TestRunner@57a3e26a</td></tr>
<tr>
<td title='runner.TestRunner.runScenario()'><b>runScenario</b><br>Test class: runner.TestRunner<br>Test method: Runs Cucumber Scenarios<br>Parameters: "User navigated to "linked list" page", "Optional[User Validates the Linked List module in DS Algo]"</td>
<td></td>
<td>0</td>
<td>runner.TestRunner@57a3e26a</td></tr>
<tr>
<td title='runner.TestRunner.runScenario()'><b>runScenario</b><br>Test class: runner.TestRunner<br>Test method: Runs Cucumber Scenarios<br>Parameters: "The user is able to navigate to a page having an tryEditor", "Optional[User Validates the Tree module in DS Algo]"</td>
<td></td>
<td>0</td>
<td>runner.TestRunner@57a3e26a</td></tr>
<tr>
<td title='runner.TestRunner.runScenario()'><b>runScenario</b><br>Test class: runner.TestRunner<br>Test method: Runs Cucumber Scenarios<br>Parameters: "The user is presented with error message for code with invalid syntax in tryEditor for Implementation using array page", "Optional[User launch DSAlgo application and test Stack page]"</td>
<td></td>
<td>1</td>
<td>runner.TestRunner@57a3e26a</td></tr>
<tr>
<td title='runner.TestRunner.runScenario()'><b>runScenario</b><br>Test class: runner.TestRunner<br>Test method: Runs Cucumber Scenarios<br>Parameters: "The user is able to navigate to a page having an tryEditor from Applications of Array page", "Optional[User launch DSAlgo application and test Array page]"</td>
<td></td>
<td>0</td>
<td>runner.TestRunner@57a3e26a</td></tr>
<tr>
<td title='runner.TestRunner.runScenario()'><b>runScenario</b><br>Test class: runner.TestRunner<br>Test method: Runs Cucumber Scenarios<br>Parameters: "The user is presented with error message for code with invalid syntax in tryEditor for Graph Representations page", "Optional[User launch DSAlgo application and test Graph page]"</td>
<td></td>
<td>0</td>
<td>runner.TestRunner@57a3e26a</td></tr>
<tr>
<td title='runner.TestRunner.runScenario()'><b>runScenario</b><br>Test class: runner.TestRunner<br>Test method: Runs Cucumber Scenarios<br>Parameters: "The user is presented with error message for code with the invalid syntax in tryEditor", "Optional[User Validates the Linked List module in DS Algo]"</td>
<td></td>
<td>1</td>
<td>runner.TestRunner@57a3e26a</td></tr>
<tr>
<td title='runner.TestRunner.runScenario()'><b>runScenario</b><br>Test class: runner.TestRunner<br>Test method: Runs Cucumber Scenarios<br>Parameters: "User navigated to Implementation Of BST page", "Optional[User Validates the Tree module in DS Algo]"</td>
<td></td>
<td>0</td>
<td>runner.TestRunner@57a3e26a</td></tr>
<tr>
<td title='runner.TestRunner.runScenario()'><b>runScenario</b><br>Test class: runner.TestRunner<br>Test method: Runs Cucumber Scenarios<br>Parameters: "The user run the code in tryEditor with the valid input", "Optional[User Validates the Tree module in DS Algo]"</td>
<td></td>
<td>0</td>
<td>runner.TestRunner@57a3e26a</td></tr>
<tr>
<td title='runner.TestRunner.runScenario()'><b>runScenario</b><br>Test class: runner.TestRunner<br>Test method: Runs Cucumber Scenarios<br>Parameters: "User navigated to tryEditor page with Run button from Introduction page", "Optional[User Validates the Linked List module in DS Algo]"</td>
<td></td>
<td>0</td>
<td>runner.TestRunner@57a3e26a</td></tr>
<tr>
<td title='runner.TestRunner.runScenario()'><b>runScenario</b><br>Test class: runner.TestRunner<br>Test method: Runs Cucumber Scenarios<br>Parameters: "User navigated to "Introduction" page", "Optional[User Validates the Linked List module in DS Algo]"</td>
<td></td>
<td>0</td>
<td>runner.TestRunner@57a3e26a</td></tr>
<tr>
<td title='runner.TestRunner.runScenario()'><b>runScenario</b><br>Test class: runner.TestRunner<br>Test method: Runs Cucumber Scenarios<br>Parameters: "The user is presented with error message for code with the invalid syntax in tryEditor", "Optional[User Validates the Linked List module in DS Algo]"</td>
<td></td>
<td>0</td>
<td>runner.TestRunner@57a3e26a</td></tr>
<tr>
<td title='runner.TestRunner.runScenario()'><b>runScenario</b><br>Test class: runner.TestRunner<br>Test method: Runs Cucumber Scenarios<br>Parameters: "The user is able to navigate to a page having an tryEditor from Operations in Stack page", "Optional[User launch DSAlgo application and test Stack page]"</td>
<td></td>
<td>0</td>
<td>runner.TestRunner@57a3e26a</td></tr>
<tr>
<td title='runner.TestRunner.runScenario()'><b>runScenario</b><br>Test class: runner.TestRunner<br>Test method: Runs Cucumber Scenarios<br>Parameters: "The user is able to navigate to "Queue" Data Structure Page", "Optional[User launch DSAlgo application and test Queue page]"</td>
<td></td>
<td>0</td>
<td>runner.TestRunner@57a3e26a</td></tr>
<tr>
<td title='runner.TestRunner.runScenario()'><b>runScenario</b><br>Test class: runner.TestRunner<br>Test method: Runs Cucumber Scenarios<br>Parameters: "The user run the code in tryEditor with the valid input", "Optional[User Validates the Tree module in DS Algo]"</td>
<td></td>
<td>1</td>
<td>runner.TestRunner@57a3e26a</td></tr>
<tr>
<td title='runner.TestRunner.runScenario()'><b>runScenario</b><br>Test class: runner.TestRunner<br>Test method: Runs Cucumber Scenarios<br>Parameters: "The user is able to navigate to "Arrays" Data Structure Page", "Optional[User launch DSAlgo application and test Array page]"</td>
<td></td>
<td>1</td>
<td>runner.TestRunner@57a3e26a</td></tr>
<tr>
<td title='runner.TestRunner.runScenario()'><b>runScenario</b><br>Test class: runner.TestRunner<br>Test method: Runs Cucumber Scenarios<br>Parameters: "The user is able to navigate to a page having an tryEditor", "Optional[User Validates the Tree module in DS Algo]"</td>
<td></td>
<td>0</td>
<td>runner.TestRunner@57a3e26a</td></tr>
<tr>
<td title='runner.TestRunner.runScenario()'><b>runScenario</b><br>Test class: runner.TestRunner<br>Test method: Runs Cucumber Scenarios<br>Parameters: "User navigated to Creating Linked List page", "Optional[User Validates the Linked List module in DS Algo]"</td>
<td></td>
<td>0</td>
<td>runner.TestRunner@57a3e26a</td></tr>
<tr>
<td title='runner.TestRunner.runScenario()'><b>runScenario</b><br>Test class: runner.TestRunner<br>Test method: Runs Cucumber Scenarios<br>Parameters: "The user run the code in tryEditor with the valid input", "Optional[User Validates the Tree module in DS Algo]"</td>
<td></td>
<td>1</td>
<td>runner.TestRunner@57a3e26a</td></tr>
<tr>
<td title='runner.TestRunner.runScenario()'><b>runScenario</b><br>Test class: runner.TestRunner<br>Test method: Runs Cucumber Scenarios<br>Parameters: "The user is able to navigate to Data Structure introduction page", "Optional[User launch DSAlgo application and test Data Structure introduction page]"</td>
<td></td>
<td>0</td>
<td>runner.TestRunner@57a3e26a</td></tr>
<tr>
<td title='runner.TestRunner.runScenario()'><b>runScenario</b><br>Test class: runner.TestRunner<br>Test method: Runs Cucumber Scenarios<br>Parameters: "User navigated to Traversals-Illustration page", "Optional[User Validates the Tree module in DS Algo]"</td>
<td></td>
<td>0</td>
<td>runner.TestRunner@57a3e26a</td></tr>
<tr>
<td title='runner.TestRunner.runScenario()'><b>runScenario</b><br>Test class: runner.TestRunner<br>Test method: Runs Cucumber Scenarios<br>Parameters: "The user is presented with error message for code with the invalid syntax in tryEditor", "Optional[User Validates the Tree module in DS Algo]"</td>
<td></td>
<td>0</td>
<td>runner.TestRunner@57a3e26a</td></tr>
<tr>
<td title='runner.TestRunner.runScenario()'><b>runScenario</b><br>Test class: runner.TestRunner<br>Test method: Runs Cucumber Scenarios<br>Parameters: "The user is able run code in tryEditor for Graph page", "Optional[User launch DSAlgo application and test Graph page]"</td>
<td></td>
<td>0</td>
<td>runner.TestRunner@57a3e26a</td></tr>
</table><p>
</body>
</html>